2025-05-14 13:56:42,150	INFO worker.py:1564 -- Connecting to existing Ray cluster at address: 30.11.157.241:6379...
2025-05-14 13:56:42,158	INFO worker.py:1740 -- Connected to Ray cluster. View the dashboard at [1m[32m127.0.0.1:8265 [39m[22m
[36m(main_task pid=2268857)[0m /jizhicfs/hymiezhao/miniconda3/envs/LUFFY/lib/python3.10/site-packages/vllm/connections.py:8: RuntimeWarning: Failed to read commit hash:
[36m(main_task pid=2268857)[0m No module named 'vllm._version'
[36m(main_task pid=2268857)[0m   from vllm.version import __version__ as VLLM_VERSION
[36m(pid=2271913)[0m /jizhicfs/hymiezhao/miniconda3/envs/LUFFY/lib/python3.10/site-packages/vllm/connections.py:8: RuntimeWarning: Failed to read commit hash:
[36m(pid=2271913)[0m No module named 'vllm._version'
[36m(pid=2271913)[0m   from vllm.version import __version__ as VLLM_VERSION
[36m(pid=2272105)[0m /jizhicfs/hymiezhao/miniconda3/envs/LUFFY/lib/python3.10/site-packages/vllm/connections.py:8: RuntimeWarning: Failed to read commit hash:
[36m(pid=2272105)[0m No module named 'vllm._version'
[36m(pid=2272105)[0m   from vllm.version import __version__ as VLLM_VERSION
[36m(WorkerDict pid=2272105)[0m Flash Attention 2.0 only supports torch.float16 and torch.bfloat16 dtypes, but the current dype in Qwen2ForCausalLM is torch.float32. You should run training or inference using Automatic Mixed-Precision via the `with torch.autocast(device_type='torch_device'):` decorator, or load the model with the `torch_dtype` argument. Example: `model = AutoModel.from_pretrained("openai/whisper-tiny", attn_implementation="flash_attention_2", torch_dtype=torch.float16)`
[36m(WorkerDict pid=2272105)[0m You are attempting to use Flash Attention 2.0 with a model not initialized on GPU. Make sure to move the model to GPU after initializing it on CPU with `model.to('cuda')`.
[36m(WorkerDict pid=2272109)[0m /jizhicfs/hymiezhao/miniconda3/envs/LUFFY/lib/python3.10/site-packages/xformers/ops/fmha/flash.py:211: FutureWarning: `torch.library.impl_abstract` was renamed to `torch.library.register_fake`. Please use that instead; we will remove `torch.library.impl_abstract` in a future version of PyTorch.
[36m(WorkerDict pid=2272109)[0m   @torch.library.impl_abstract("xformers_flash::flash_fwd")
[36m(pid=2272108)[0m /jizhicfs/hymiezhao/miniconda3/envs/LUFFY/lib/python3.10/site-packages/vllm/connections.py:8: RuntimeWarning: Failed to read commit hash:[32m [repeated 6x across cluster][0m
[36m(pid=2272108)[0m No module named 'vllm._version'[32m [repeated 6x across cluster][0m
[36m(pid=2272108)[0m   from vllm.version import __version__ as VLLM_VERSION[32m [repeated 6x across cluster][0m
[36m(WorkerDict pid=2272104)[0m Flash Attention 2.0 only supports torch.float16 and torch.bfloat16 dtypes, but the current dype in Qwen2ForCausalLM is torch.float32. You should run training or inference using Automatic Mixed-Precision via the `with torch.autocast(device_type='torch_device'):` decorator, or load the model with the `torch_dtype` argument. Example: `model = AutoModel.from_pretrained("openai/whisper-tiny", attn_implementation="flash_attention_2", torch_dtype=torch.float16)`[32m [repeated 7x across cluster][0m
[36m(WorkerDict pid=2272104)[0m You are attempting to use Flash Attention 2.0 with a model not initialized on GPU. Make sure to move the model to GPU after initializing it on CPU with `model.to('cuda')`.[32m [repeated 7x across cluster][0m
[36m(WorkerDict pid=2272109)[0m   @torch.library.impl_abstract("xformers_flash::flash_bwd")
[36m(WorkerDict pid=2272109)[0m /jizhicfs/hymiezhao/miniconda3/envs/LUFFY/lib/python3.10/site-packages/xformers/ops/fmha/flash.py:344: FutureWarning: `torch.library.impl_abstract` was renamed to `torch.library.register_fake`. Please use that instead; we will remove `torch.library.impl_abstract` in a future version of PyTorch.[32m [repeated 8x across cluster][0m
[36m(WorkerDict pid=2272108)[0m   @torch.library.impl_abstract("xformers_flash::flash_fwd")[32m [repeated 7x across cluster][0m
[36m(WorkerDict pid=2271913)[0m /jizhicfs/hymiezhao/miniconda3/envs/LUFFY/lib/python3.10/site-packages/torch/distributed/fsdp/fully_sharded_data_parallel.py:689: FutureWarning: FSDP.state_dict_type() and FSDP.set_state_dict_type() are being deprecated. Please use APIs, get_state_dict() and set_state_dict(), which can support different parallelisms, FSDP1, FSDP2, DDP. API doc: https://pytorch.org/docs/stable/distributed.checkpoint.html#torch.distributed.checkpoint.state_dict.get_state_dict .Tutorial: https://pytorch.org/tutorials/recipes/distributed_checkpoint_recipe.html .
[36m(WorkerDict pid=2271913)[0m   warnings.warn(
[36m(WorkerDict pid=2272103)[0m   @torch.library.impl_abstract("xformers_flash::flash_bwd")[32m [repeated 7x across cluster][0m
[36m(WorkerDict pid=2272103)[0m /jizhicfs/hymiezhao/miniconda3/envs/LUFFY/lib/python3.10/site-packages/xformers/ops/fmha/flash.py:344: FutureWarning: `torch.library.impl_abstract` was renamed to `torch.library.register_fake`. Please use that instead; we will remove `torch.library.impl_abstract` in a future version of PyTorch.[32m [repeated 7x across cluster][0m
[36m(main_task pid=2268857)[0m wandb: Using wandb-core as the SDK backend.  Please refer to https://wandb.me/wandb-core for more information.
[36m(main_task pid=2268857)[0m wandb: Currently logged in as: maluqaq (theroadqaq). Use `wandb login --relogin` to force relogin
[36m(main_task pid=2268857)[0m wandb: Tracking run with wandb version 0.19.1
[36m(main_task pid=2268857)[0m wandb: Run data is saved locally in /jizhicfs/hymiezhao/ml/reasoning/LUFFY/wandb/run-20250514_140052-l56hcqsf
[36m(main_task pid=2268857)[0m wandb: Run `wandb offline` to turn off syncing.
[36m(main_task pid=2268857)[0m wandb: Syncing run on_policy
[36m(main_task pid=2268857)[0m wandb: ‚≠êÔ∏è View project at https://wandb.ai/theroadqaq/rl-sft
[36m(main_task pid=2268857)[0m wandb: üöÄ View run at https://wandb.ai/theroadqaq/rl-sft/runs/l56hcqsf
[36m(WorkerDict pid=2272108)[0m /jizhicfs/hymiezhao/miniconda3/envs/LUFFY/lib/python3.10/site-packages/torch/distributed/fsdp/fully_sharded_data_parallel.py:689: FutureWarning: FSDP.state_dict_type() and FSDP.set_state_dict_type() are being deprecated. Please use APIs, get_state_dict() and set_state_dict(), which can support different parallelisms, FSDP1, FSDP2, DDP. API doc: https://pytorch.org/docs/stable/distributed.checkpoint.html#torch.distributed.checkpoint.state_dict.get_state_dict .Tutorial: https://pytorch.org/tutorials/recipes/distributed_checkpoint_recipe.html .[32m [repeated 7x across cluster][0m
[36m(WorkerDict pid=2272108)[0m   warnings.warn([32m [repeated 7x across cluster][0m
[36m(WorkerDict pid=2271913)[0m /jizhicfs/hymiezhao/ml/reasoning/LUFFY/luffy/verl/verl/utils/checkpoint/fsdp_checkpoint_manager.py:66: FutureWarning: You are using `torch.load` with `weights_only=False` (the current default value), which uses the default pickle module implicitly. It is possible to construct malicious pickle data which will execute arbitrary code during unpickling (See https://github.com/pytorch/pytorch/blob/main/SECURITY.md#untrusted-models for more details). In a future release, the default value for `weights_only` will be flipped to `True`. This limits the functions that could be executed during unpickling. Arbitrary objects will no longer be allowed to be loaded via this mode unless they are explicitly allowlisted by the user via `torch.serialization.add_safe_globals`. We recommend you start setting `weights_only=True` for any use case where you don't have full control of the loaded file. Please open an issue on GitHub for any issues related to this experimental feature.
[36m(WorkerDict pid=2271913)[0m   model_state_dict = torch.load(local_model_path)
[36m(WorkerDict pid=2271913)[0m   optimizer_state_dict = torch.load(local_optim_path)
[36m(WorkerDict pid=2272106)[0m   extra_state_dict = torch.load(local_extra_state_path)
[36m(main_task pid=2268857)[0m   self.train_dataloader = torch.load(dataloader_local_path)
[36m(main_task pid=2268857)[0m   self.train_dataloader.sampler.set_state(torch.load(os.path.join(global_step_folder, 'sampler_state.pt')))
[36m(main_task pid=2268857)[0m /jizhicfs/hymiezhao/ml/reasoning/LUFFY/luffy/verl/verl/trainer/ppo/ray_trainer.py:673: FutureWarning: You are using `torch.load` with `weights_only=False` (the current default value), which uses the default pickle module implicitly. It is possible to construct malicious pickle data which will execute arbitrary code during unpickling (See https://github.com/pytorch/pytorch/blob/main/SECURITY.md#untrusted-models for more details). In a future release, the default value for `weights_only` will be flipped to `True`. This limits the functions that could be executed during unpickling. Arbitrary objects will no longer be allowed to be loaded via this mode unless they are explicitly allowlisted by the user via `torch.serialization.add_safe_globals`. We recommend you start setting `weights_only=True` for any use case where you don't have full control of the loaded file. Please open an issue on GitHub for any issues related to this experimental feature.[32m [repeated 25x across cluster][0m
[36m(WorkerDict pid=2272108)[0m   model_state_dict = torch.load(local_model_path)[32m [repeated 7x across cluster][0m
[36m(WorkerDict pid=2272103)[0m   optimizer_state_dict = torch.load(local_optim_path)[32m [repeated 7x across cluster][0m
[36m(WorkerDict pid=2272104)[0m   extra_state_dict = torch.load(local_extra_state_path)[32m [repeated 7x across cluster][0m
[36m(WorkerDict pid=2272107)[0m /jizhicfs/hymiezhao/miniconda3/envs/LUFFY/lib/python3.10/site-packages/torch/utils/checkpoint.py:1399: FutureWarning: `torch.cpu.amp.autocast(args...)` is deprecated. Please use `torch.amp.autocast('cpu', args...)` instead.
[36m(WorkerDict pid=2272107)[0m   with device_autocast_ctx, torch.cpu.amp.autocast(**cpu_autocast_kwargs), recompute_context:  # type: ignore[attr-defined]
[36m(main_task pid=2268857)[0m ERROR:2025-05-14 14:15:14,009:Error comparing 9/2 and Sum(sqrt(6)/3, (n, 1, oo))
[36m(main_task pid=2268857)[0m Traceback (most recent call last):
[36m(main_task pid=2268857)[0m   File "/jizhicfs/hymiezhao/miniconda3/envs/LUFFY/lib/python3.10/site-packages/sympy/core/evalf.py", line 1337, in evalf_sum
[36m(main_task pid=2268857)[0m     v = hypsum(func, n, int(a), prec2)
[36m(main_task pid=2268857)[0m   File "/jizhicfs/hymiezhao/miniconda3/envs/LUFFY/lib/python3.10/site-packages/sympy/core/evalf.py", line 1265, in hypsum
[36m(main_task pid=2268857)[0m     raise NotImplementedError("Non rational term functionality is not implemented.")
[36m(main_task pid=2268857)[0m NotImplementedError: Non rational term functionality is not implemented.
[36m(main_task pid=2268857)[0m 
[36m(main_task pid=2268857)[0m During handling of the above exception, another exception occurred:
[36m(main_task pid=2268857)[0m 
[36m(main_task pid=2268857)[0m Traceback (most recent call last):
[36m(main_task pid=2268857)[0m   File "/jizhicfs/hymiezhao/miniconda3/envs/LUFFY/lib/python3.10/site-packages/math_verify/grader.py", line 700, in compare_single_extraction_wrapper
[36m(main_task pid=2268857)[0m     return compare_single_extraction(g, t)
[36m(main_task pid=2268857)[0m   File "/jizhicfs/hymiezhao/miniconda3/envs/LUFFY/lib/python3.10/site-packages/math_verify/utils.py", line 50, in wrapper
[36m(main_task pid=2268857)[0m     return func(*args, **kwargs)
[36m(main_task pid=2268857)[0m   File "/jizhicfs/hymiezhao/miniconda3/envs/LUFFY/lib/python3.10/site-packages/math_verify/grader.py", line 682, in compare_single_extraction
[36m(main_task pid=2268857)[0m     return sympy_expr_eq(gold, target, float_rounding, numeric_precision, strict)
[36m(main_task pid=2268857)[0m   File "/jizhicfs/hymiezhao/miniconda3/envs/LUFFY/lib/python3.10/site-packages/math_verify/grader.py", line 585, in sympy_expr_eq
[36m(main_task pid=2268857)[0m     if sympy_symbolic_eq(gold, pred):
[36m(main_task pid=2268857)[0m   File "/jizhicfs/hymiezhao/miniconda3/envs/LUFFY/lib/python3.10/site-packages/math_verify/grader.py", line 163, in sympy_symbolic_eq
[36m(main_task pid=2268857)[0m     a_b_diff = simplify((a - b))  # type: ignore
[36m(main_task pid=2268857)[0m   File "/jizhicfs/hymiezhao/miniconda3/envs/LUFFY/lib/python3.10/site-packages/sympy/simplify/simplify.py", line 603, in simplify
[36m(main_task pid=2268857)[0m     original_expr = expr = collect_abs(signsimp(expr))
[36m(main_task pid=2268857)[0m   File "/jizhicfs/hymiezhao/miniconda3/envs/LUFFY/lib/python3.10/site-packages/sympy/simplify/simplify.py", line 406, in signsimp
[36m(main_task pid=2268857)[0m     e = sub_post(sub_pre(e))
[36m(main_task pid=2268857)[0m   File "/jizhicfs/hymiezhao/miniconda3/envs/LUFFY/lib/python3.10/site-packages/sympy/simplify/cse_opts.py", line 14, in sub_pre
[36m(main_task pid=2268857)[0m     adds = [a for a in e.atoms(Add) if a.could_extract_minus_sign()]
[36m(main_task pid=2268857)[0m   File "/jizhicfs/hymiezhao/miniconda3/envs/LUFFY/lib/python3.10/site-packages/sympy/simplify/cse_opts.py", line 14, in <listcomp>
[36m(main_task pid=2268857)[0m     adds = [a for a in e.atoms(Add) if a.could_extract_minus_sign()]
[36m(main_task pid=2268857)[0m   File "/jizhicfs/hymiezhao/miniconda3/envs/LUFFY/lib/python3.10/site-packages/sympy/core/add.py", line 412, in could_extract_minus_sign
[36m(main_task pid=2268857)[0m     return _could_extract_minus_sign(self)
[36m(main_task pid=2268857)[0m   File "/jizhicfs/hymiezhao/miniconda3/envs/LUFFY/lib/python3.10/site-packages/sympy/core/add.py", line 30, in _could_extract_minus_sign
[36m(main_task pid=2268857)[0m     return bool(expr.sort_key() < (-expr).sort_key())
[36m(main_task pid=2268857)[0m   File "/jizhicfs/hymiezhao/miniconda3/envs/LUFFY/lib/python3.10/site-packages/sympy/core/cache.py", line 72, in wrapper
[36m(main_task pid=2268857)[0m     retval = cfunc(*args, **kwargs)
[36m(main_task pid=2268857)[0m   File "/jizhicfs/hymiezhao/miniconda3/envs/LUFFY/lib/python3.10/site-packages/sympy/core/expr.py", line 136, in sort_key
[36m(main_task pid=2268857)[0m     args = expr.as_ordered_terms(order=order)
[36m(main_task pid=2268857)[0m   File "/jizhicfs/hymiezhao/miniconda3/envs/LUFFY/lib/python3.10/site-packages/sympy/core/expr.py", line 1135, in as_ordered_terms
[36m(main_task pid=2268857)[0m     terms, gens = self.as_terms()
[36m(main_task pid=2268857)[0m   File "/jizhicfs/hymiezhao/miniconda3/envs/LUFFY/lib/python3.10/site-packages/sympy/core/expr.py", line 1172, in as_terms
[36m(main_task pid=2268857)[0m     coeff *= complex(factor)
[36m(main_task pid=2268857)[0m   File "/jizhicfs/hymiezhao/miniconda3/envs/LUFFY/lib/python3.10/site-packages/sympy/core/expr.py", line 343, in __complex__
[36m(main_task pid=2268857)[0m     result = self.evalf()
[36m(main_task pid=2268857)[0m   File "/jizhicfs/hymiezhao/miniconda3/envs/LUFFY/lib/python3.10/site-packages/sympy/core/evalf.py", line 1648, in evalf
[36m(main_task pid=2268857)[0m     result = evalf(self, prec + 4, options)
[36m(main_task pid=2268857)[0m   File "/jizhicfs/hymiezhao/miniconda3/envs/LUFFY/lib/python3.10/site-packages/sympy/core/evalf.py", line 1483, in evalf
[36m(main_task pid=2268857)[0m     r = rf(x, prec, options)
[36m(main_task pid=2268857)[0m   File "/jizhicfs/hymiezhao/miniconda3/envs/LUFFY/lib/python3.10/site-packages/sympy/core/evalf.py", line 1355, in evalf_sum
[36m(main_task pid=2268857)[0m     re, im, re_acc, im_acc = evalf(s, prec2, options)
[36m(main_task pid=2268857)[0m   File "/jizhicfs/hymiezhao/miniconda3/envs/LUFFY/lib/python3.10/site-packages/sympy/core/evalf.py", line 1483, in evalf
[36m(main_task pid=2268857)[0m     r = rf(x, prec, options)
[36m(main_task pid=2268857)[0m   File "/jizhicfs/hymiezhao/miniconda3/envs/LUFFY/lib/python3.10/site-packages/sympy/core/evalf.py", line 601, in evalf_add
[36m(main_task pid=2268857)[0m     terms = [evalf(arg, prec + 10, options) for arg in v.args]
[36m(main_task pid=2268857)[0m   File "/jizhicfs/hymiezhao/miniconda3/envs/LUFFY/lib/python3.10/site-packages/sympy/core/evalf.py", line 601, in <listcomp>
[36m(main_task pid=2268857)[0m     terms = [evalf(arg, prec + 10, options) for arg in v.args]
[36m(main_task pid=2268857)[0m   File "/jizhicfs/hymiezhao/miniconda3/envs/LUFFY/lib/python3.10/site-packages/sympy/core/evalf.py", line 1483, in evalf
[36m(main_task pid=2268857)[0m     r = rf(x, prec, options)
[36m(main_task pid=2268857)[0m   File "/jizhicfs/hymiezhao/miniconda3/envs/LUFFY/lib/python3.10/site-packages/sympy/core/evalf.py", line 1175, in evalf_integral
[36m(main_task pid=2268857)[0m     result = do_integral(expr, workprec, options)
[36m(main_task pid=2268857)[0m   File "/jizhicfs/hymiezhao/miniconda3/envs/LUFFY/lib/python3.10/site-packages/sympy/core/evalf.py", line 1136, in do_integral
[36m(main_task pid=2268857)[0m     result, quadrature_err = quadts(f, [xlow, xhigh], error=1)
[36m(main_task pid=2268857)[0m   File "/jizhicfs/hymiezhao/miniconda3/envs/LUFFY/lib/python3.10/site-packages/mpmath/calculus/quadrature.py", line 789, in quadts
[36m(main_task pid=2268857)[0m     return ctx.quad(*args, **kwargs)
[36m(main_task pid=2268857)[0m   File "/jizhicfs/hymiezhao/miniconda3/envs/LUFFY/lib/python3.10/site-packages/mpmath/calculus/quadrature.py", line 746, in quad
[36m(main_task pid=2268857)[0m     v, err = rule.summation(f, points[0], prec, epsilon, m, verbose)
[36m(main_task pid=2268857)[0m   File "/jizhicfs/hymiezhao/miniconda3/envs/LUFFY/lib/python3.10/site-packages/mpmath/calculus/quadrature.py", line 229, in summation
[36m(main_task pid=2268857)[0m     nodes = self.get_nodes(a, b, degree, prec, verbose)
[36m(main_task pid=2268857)[0m   File "/jizhicfs/hymiezhao/miniconda3/envs/LUFFY/lib/python3.10/site-packages/mpmath/calculus/quadrature.py", line 64, in get_nodes
[36m(main_task pid=2268857)[0m     nodes = self.calc_nodes(degree, prec, verbose)
[36m(main_task pid=2268857)[0m   File "/jizhicfs/hymiezhao/miniconda3/envs/LUFFY/lib/python3.10/site-packages/mpmath/calculus/quadrature.py", line 376, in calc_nodes
[36m(main_task pid=2268857)[0m     a *= udelta
[36m(main_task pid=2268857)[0m   File "<string>", line 7, in __mul__
[36m(main_task pid=2268857)[0m   File "/jizhicfs/hymiezhao/miniconda3/envs/LUFFY/lib/python3.10/site-packages/mpmath/libmp/libmpf.py", line 894, in python_mpf_mul
[36m(main_task pid=2268857)[0m     return normalize1(sign, man, sexp+texp, bc, prec, rnd)
[36m(main_task pid=2268857)[0m   File "/jizhicfs/hymiezhao/miniconda3/envs/LUFFY/lib/python3.10/site-packages/mpmath/libmp/libmpf.py", line 231, in _normalize1
[36m(main_task pid=2268857)[0m     t = trailtable[int(man & 255)]
[36m(main_task pid=2268857)[0m   File "/jizhicfs/hymiezhao/miniconda3/envs/LUFFY/lib/python3.10/site-packages/math_verify/utils.py", line 43, in handler
[36m(main_task pid=2268857)[0m     raise TimeoutError("Operation timed out!")
[36m(main_task pid=2268857)[0m TimeoutError: Operation timed out!
[36m(WorkerDict pid=2272108)[0m /jizhicfs/hymiezhao/miniconda3/envs/LUFFY/lib/python3.10/site-packages/torch/utils/checkpoint.py:1399: FutureWarning: `torch.cpu.amp.autocast(args...)` is deprecated. Please use `torch.amp.autocast('cpu', args...)` instead.[32m [repeated 7x across cluster][0m
[36m(WorkerDict pid=2272108)[0m   with device_autocast_ctx, torch.cpu.amp.autocast(**cpu_autocast_kwargs), recompute_context:  # type: ignore[attr-defined][32m [repeated 7x across cluster][0m
[36m(main_task pid=2268857)[0m ERROR:2025-05-14 14:36:27,862:Error comparing 9 and 9**(13**12)
[36m(main_task pid=2268857)[0m Traceback (most recent call last):
[36m(main_task pid=2268857)[0m   File "/jizhicfs/hymiezhao/miniconda3/envs/LUFFY/lib/python3.10/site-packages/math_verify/grader.py", line 700, in compare_single_extraction_wrapper
[36m(main_task pid=2268857)[0m     return compare_single_extraction(g, t)
[36m(main_task pid=2268857)[0m   File "/jizhicfs/hymiezhao/miniconda3/envs/LUFFY/lib/python3.10/site-packages/math_verify/utils.py", line 50, in wrapper
[36m(main_task pid=2268857)[0m     return func(*args, **kwargs)
[36m(main_task pid=2268857)[0m   File "/jizhicfs/hymiezhao/miniconda3/envs/LUFFY/lib/python3.10/site-packages/math_verify/grader.py", line 682, in compare_single_extraction
[36m(main_task pid=2268857)[0m     return sympy_expr_eq(gold, target, float_rounding, numeric_precision, strict)
[36m(main_task pid=2268857)[0m   File "/jizhicfs/hymiezhao/miniconda3/envs/LUFFY/lib/python3.10/site-packages/math_verify/grader.py", line 582, in sympy_expr_eq
[36m(main_task pid=2268857)[0m     if sympy_numeric_eq(gold, pred, float_rounding, numeric_precision):
[36m(main_task pid=2268857)[0m   File "/jizhicfs/hymiezhao/miniconda3/envs/LUFFY/lib/python3.10/site-packages/math_verify/grader.py", line 139, in sympy_numeric_eq
[36m(main_task pid=2268857)[0m     return safe_sympy_doit(a) == safe_sympy_doit(b)
[36m(main_task pid=2268857)[0m   File "/jizhicfs/hymiezhao/miniconda3/envs/LUFFY/lib/python3.10/site-packages/math_verify/grader.py", line 80, in safe_sympy_doit
[36m(main_task pid=2268857)[0m     return a.doit()
[36m(main_task pid=2268857)[0m   File "/jizhicfs/hymiezhao/miniconda3/envs/LUFFY/lib/python3.10/site-packages/sympy/core/basic.py", line 1929, in doit
[36m(main_task pid=2268857)[0m     return self.func(*terms)
[36m(main_task pid=2268857)[0m   File "/jizhicfs/hymiezhao/miniconda3/envs/LUFFY/lib/python3.10/site-packages/sympy/core/cache.py", line 72, in wrapper
[36m(main_task pid=2268857)[0m     retval = cfunc(*args, **kwargs)
[36m(main_task pid=2268857)[0m   File "/jizhicfs/hymiezhao/miniconda3/envs/LUFFY/lib/python3.10/site-packages/sympy/core/power.py", line 207, in __new__
[36m(main_task pid=2268857)[0m     obj = b._eval_power(e)
[36m(main_task pid=2268857)[0m   File "/jizhicfs/hymiezhao/miniconda3/envs/LUFFY/lib/python3.10/site-packages/sympy/core/numbers.py", line 2045, in _eval_power
[36m(main_task pid=2268857)[0m     result = Integer(x**abs(expt.p))
[36m(main_task pid=2268857)[0m   File "/jizhicfs/hymiezhao/miniconda3/envs/LUFFY/lib/python3.10/site-packages/math_verify/utils.py", line 43, in handler
[36m(main_task pid=2268857)[0m     raise TimeoutError("Operation timed out!")
[36m(main_task pid=2268857)[0m TimeoutError: Operation timed out!
[36m(main_task pid=2268857)[0m ERROR:2025-05-14 14:36:30,876:Error comparing 9 and 3**4659617024482
[36m(main_task pid=2268857)[0m Traceback (most recent call last):
[36m(main_task pid=2268857)[0m   File "/jizhicfs/hymiezhao/miniconda3/envs/LUFFY/lib/python3.10/site-packages/math_verify/grader.py", line 700, in compare_single_extraction_wrapper
[36m(main_task pid=2268857)[0m     return compare_single_extraction(g, t)
[36m(main_task pid=2268857)[0m   File "/jizhicfs/hymiezhao/miniconda3/envs/LUFFY/lib/python3.10/site-packages/math_verify/utils.py", line 50, in wrapper
[36m(main_task pid=2268857)[0m     return func(*args, **kwargs)
[36m(main_task pid=2268857)[0m   File "/jizhicfs/hymiezhao/miniconda3/envs/LUFFY/lib/python3.10/site-packages/math_verify/grader.py", line 682, in compare_single_extraction
[36m(main_task pid=2268857)[0m     return sympy_expr_eq(gold, target, float_rounding, numeric_precision, strict)
[36m(main_task pid=2268857)[0m   File "/jizhicfs/hymiezhao/miniconda3/envs/LUFFY/lib/python3.10/site-packages/math_verify/grader.py", line 582, in sympy_expr_eq
[36m(main_task pid=2268857)[0m     if sympy_numeric_eq(gold, pred, float_rounding, numeric_precision):
[36m(main_task pid=2268857)[0m   File "/jizhicfs/hymiezhao/miniconda3/envs/LUFFY/lib/python3.10/site-packages/math_verify/grader.py", line 139, in sympy_numeric_eq
[36m(main_task pid=2268857)[0m     return safe_sympy_doit(a) == safe_sympy_doit(b)
[36m(main_task pid=2268857)[0m   File "/jizhicfs/hymiezhao/miniconda3/envs/LUFFY/lib/python3.10/site-packages/math_verify/grader.py", line 80, in safe_sympy_doit
[36m(main_task pid=2268857)[0m     return a.doit()
[36m(main_task pid=2268857)[0m   File "/jizhicfs/hymiezhao/miniconda3/envs/LUFFY/lib/python3.10/site-packages/sympy/core/basic.py", line 1929, in doit
[36m(main_task pid=2268857)[0m     return self.func(*terms)
[36m(main_task pid=2268857)[0m   File "/jizhicfs/hymiezhao/miniconda3/envs/LUFFY/lib/python3.10/site-packages/sympy/core/cache.py", line 72, in wrapper
[36m(main_task pid=2268857)[0m     retval = cfunc(*args, **kwargs)
[36m(main_task pid=2268857)[0m   File "/jizhicfs/hymiezhao/miniconda3/envs/LUFFY/lib/python3.10/site-packages/sympy/core/power.py", line 207, in __new__
[36m(main_task pid=2268857)[0m     obj = b._eval_power(e)
[36m(main_task pid=2268857)[0m   File "/jizhicfs/hymiezhao/miniconda3/envs/LUFFY/lib/python3.10/site-packages/sympy/core/numbers.py", line 2045, in _eval_power
[36m(main_task pid=2268857)[0m     result = Integer(x**abs(expt.p))
[36m(main_task pid=2268857)[0m   File "/jizhicfs/hymiezhao/miniconda3/envs/LUFFY/lib/python3.10/site-packages/math_verify/utils.py", line 43, in handler
[36m(main_task pid=2268857)[0m     raise TimeoutError("Operation timed out!")
[36m(main_task pid=2268857)[0m TimeoutError: Operation timed out!
[36m(main_task pid=2268857)[0m ERROR:2025-05-14 14:47:21,836:Error comparing 84 and Eq((3**8)**134369280, 3**107529600)
[36m(main_task pid=2268857)[0m Traceback (most recent call last):
[36m(main_task pid=2268857)[0m   File "/jizhicfs/hymiezhao/miniconda3/envs/LUFFY/lib/python3.10/site-packages/math_verify/grader.py", line 700, in compare_single_extraction_wrapper
[36m(main_task pid=2268857)[0m     return compare_single_extraction(g, t)
[36m(main_task pid=2268857)[0m   File "/jizhicfs/hymiezhao/miniconda3/envs/LUFFY/lib/python3.10/site-packages/math_verify/utils.py", line 50, in wrapper
[36m(main_task pid=2268857)[0m     return func(*args, **kwargs)
[36m(main_task pid=2268857)[0m   File "/jizhicfs/hymiezhao/miniconda3/envs/LUFFY/lib/python3.10/site-packages/math_verify/grader.py", line 682, in compare_single_extraction
[36m(main_task pid=2268857)[0m     return sympy_expr_eq(gold, target, float_rounding, numeric_precision, strict)
[36m(main_task pid=2268857)[0m   File "/jizhicfs/hymiezhao/miniconda3/envs/LUFFY/lib/python3.10/site-packages/math_verify/grader.py", line 582, in sympy_expr_eq
[36m(main_task pid=2268857)[0m     if sympy_numeric_eq(gold, pred, float_rounding, numeric_precision):
[36m(main_task pid=2268857)[0m   File "/jizhicfs/hymiezhao/miniconda3/envs/LUFFY/lib/python3.10/site-packages/math_verify/grader.py", line 139, in sympy_numeric_eq
[36m(main_task pid=2268857)[0m     return safe_sympy_doit(a) == safe_sympy_doit(b)
[36m(main_task pid=2268857)[0m   File "/jizhicfs/hymiezhao/miniconda3/envs/LUFFY/lib/python3.10/site-packages/math_verify/grader.py", line 80, in safe_sympy_doit
[36m(main_task pid=2268857)[0m     return a.doit()
[36m(main_task pid=2268857)[0m   File "/jizhicfs/hymiezhao/miniconda3/envs/LUFFY/lib/python3.10/site-packages/sympy/core/basic.py", line 1929, in doit
[36m(main_task pid=2268857)[0m     return self.func(*terms)
[36m(main_task pid=2268857)[0m   File "/jizhicfs/hymiezhao/miniconda3/envs/LUFFY/lib/python3.10/site-packages/sympy/core/cache.py", line 72, in wrapper
[36m(main_task pid=2268857)[0m     retval = cfunc(*args, **kwargs)
[36m(main_task pid=2268857)[0m   File "/jizhicfs/hymiezhao/miniconda3/envs/LUFFY/lib/python3.10/site-packages/sympy/core/power.py", line 207, in __new__
[36m(main_task pid=2268857)[0m     obj = b._eval_power(e)
[36m(main_task pid=2268857)[0m   File "/jizhicfs/hymiezhao/miniconda3/envs/LUFFY/lib/python3.10/site-packages/sympy/core/numbers.py", line 2045, in _eval_power
[36m(main_task pid=2268857)[0m     result = Integer(x**abs(expt.p))
[36m(main_task pid=2268857)[0m   File "/jizhicfs/hymiezhao/miniconda3/envs/LUFFY/lib/python3.10/site-packages/math_verify/utils.py", line 43, in handler
[36m(main_task pid=2268857)[0m     raise TimeoutError("Operation timed out!")
[36m(main_task pid=2268857)[0m TimeoutError: Operation timed out!
[36m(main_task pid=2268857)[0m ERROR:2025-05-14 14:47:46,581:Error comparing 9 and 10**(10**9)
[36m(main_task pid=2268857)[0m Traceback (most recent call last):
[36m(main_task pid=2268857)[0m   File "/jizhicfs/hymiezhao/miniconda3/envs/LUFFY/lib/python3.10/site-packages/math_verify/grader.py", line 700, in compare_single_extraction_wrapper
[36m(main_task pid=2268857)[0m     return compare_single_extraction(g, t)
[36m(main_task pid=2268857)[0m   File "/jizhicfs/hymiezhao/miniconda3/envs/LUFFY/lib/python3.10/site-packages/math_verify/utils.py", line 50, in wrapper
[36m(main_task pid=2268857)[0m     return func(*args, **kwargs)
[36m(main_task pid=2268857)[0m   File "/jizhicfs/hymiezhao/miniconda3/envs/LUFFY/lib/python3.10/site-packages/math_verify/grader.py", line 682, in compare_single_extraction
[36m(main_task pid=2268857)[0m     return sympy_expr_eq(gold, target, float_rounding, numeric_precision, strict)
[36m(main_task pid=2268857)[0m   File "/jizhicfs/hymiezhao/miniconda3/envs/LUFFY/lib/python3.10/site-packages/math_verify/grader.py", line 582, in sympy_expr_eq
[36m(main_task pid=2268857)[0m     if sympy_numeric_eq(gold, pred, float_rounding, numeric_precision):
[36m(main_task pid=2268857)[0m   File "/jizhicfs/hymiezhao/miniconda3/envs/LUFFY/lib/python3.10/site-packages/math_verify/grader.py", line 139, in sympy_numeric_eq
[36m(main_task pid=2268857)[0m     return safe_sympy_doit(a) == safe_sympy_doit(b)
[36m(main_task pid=2268857)[0m   File "/jizhicfs/hymiezhao/miniconda3/envs/LUFFY/lib/python3.10/site-packages/math_verify/grader.py", line 80, in safe_sympy_doit
[36m(main_task pid=2268857)[0m     return a.doit()
[36m(main_task pid=2268857)[0m   File "/jizhicfs/hymiezhao/miniconda3/envs/LUFFY/lib/python3.10/site-packages/sympy/core/basic.py", line 1929, in doit
[36m(main_task pid=2268857)[0m     return self.func(*terms)
[36m(main_task pid=2268857)[0m   File "/jizhicfs/hymiezhao/miniconda3/envs/LUFFY/lib/python3.10/site-packages/sympy/core/cache.py", line 72, in wrapper
[36m(main_task pid=2268857)[0m     retval = cfunc(*args, **kwargs)
[36m(main_task pid=2268857)[0m   File "/jizhicfs/hymiezhao/miniconda3/envs/LUFFY/lib/python3.10/site-packages/sympy/core/power.py", line 207, in __new__
[36m(main_task pid=2268857)[0m     obj = b._eval_power(e)
[36m(main_task pid=2268857)[0m   File "/jizhicfs/hymiezhao/miniconda3/envs/LUFFY/lib/python3.10/site-packages/sympy/core/numbers.py", line 2045, in _eval_power
[36m(main_task pid=2268857)[0m     result = Integer(x**abs(expt.p))
[36m(main_task pid=2268857)[0m   File "/jizhicfs/hymiezhao/miniconda3/envs/LUFFY/lib/python3.10/site-packages/math_verify/utils.py", line 43, in handler
[36m(main_task pid=2268857)[0m     raise TimeoutError("Operation timed out!")
[36m(main_task pid=2268857)[0m TimeoutError: Operation timed out!
[36m(main_task pid=2268857)[0m ERROR:2025-05-14 14:47:57,658:Error comparing 4096 and Eq(f*f(4), 2**(2**62))
[36m(main_task pid=2268857)[0m Traceback (most recent call last):
[36m(main_task pid=2268857)[0m   File "/jizhicfs/hymiezhao/miniconda3/envs/LUFFY/lib/python3.10/site-packages/math_verify/grader.py", line 700, in compare_single_extraction_wrapper
[36m(main_task pid=2268857)[0m     return compare_single_extraction(g, t)
[36m(main_task pid=2268857)[0m   File "/jizhicfs/hymiezhao/miniconda3/envs/LUFFY/lib/python3.10/site-packages/math_verify/utils.py", line 50, in wrapper
[36m(main_task pid=2268857)[0m     return func(*args, **kwargs)
[36m(main_task pid=2268857)[0m   File "/jizhicfs/hymiezhao/miniconda3/envs/LUFFY/lib/python3.10/site-packages/math_verify/grader.py", line 682, in compare_single_extraction
[36m(main_task pid=2268857)[0m     return sympy_expr_eq(gold, target, float_rounding, numeric_precision, strict)
[36m(main_task pid=2268857)[0m   File "/jizhicfs/hymiezhao/miniconda3/envs/LUFFY/lib/python3.10/site-packages/math_verify/grader.py", line 582, in sympy_expr_eq
[36m(main_task pid=2268857)[0m     if sympy_numeric_eq(gold, pred, float_rounding, numeric_precision):
[36m(main_task pid=2268857)[0m   File "/jizhicfs/hymiezhao/miniconda3/envs/LUFFY/lib/python3.10/site-packages/math_verify/grader.py", line 139, in sympy_numeric_eq
[36m(main_task pid=2268857)[0m     return safe_sympy_doit(a) == safe_sympy_doit(b)
[36m(main_task pid=2268857)[0m   File "/jizhicfs/hymiezhao/miniconda3/envs/LUFFY/lib/python3.10/site-packages/math_verify/grader.py", line 80, in safe_sympy_doit
[36m(main_task pid=2268857)[0m     return a.doit()
[36m(main_task pid=2268857)[0m   File "/jizhicfs/hymiezhao/miniconda3/envs/LUFFY/lib/python3.10/site-packages/sympy/core/basic.py", line 1929, in doit
[36m(main_task pid=2268857)[0m     return self.func(*terms)
[36m(main_task pid=2268857)[0m   File "/jizhicfs/hymiezhao/miniconda3/envs/LUFFY/lib/python3.10/site-packages/sympy/core/cache.py", line 72, in wrapper
[36m(main_task pid=2268857)[0m     retval = cfunc(*args, **kwargs)
[36m(main_task pid=2268857)[0m   File "/jizhicfs/hymiezhao/miniconda3/envs/LUFFY/lib/python3.10/site-packages/sympy/core/power.py", line 207, in __new__
[36m(main_task pid=2268857)[0m     obj = b._eval_power(e)
[36m(main_task pid=2268857)[0m   File "/jizhicfs/hymiezhao/miniconda3/envs/LUFFY/lib/python3.10/site-packages/sympy/core/numbers.py", line 2045, in _eval_power
[36m(main_task pid=2268857)[0m     result = Integer(x**abs(expt.p))
[36m(main_task pid=2268857)[0m   File "/jizhicfs/hymiezhao/miniconda3/envs/LUFFY/lib/python3.10/site-packages/math_verify/utils.py", line 43, in handler
[36m(main_task pid=2268857)[0m     raise TimeoutError("Operation timed out!")
[36m(main_task pid=2268857)[0m TimeoutError: Operation timed out!
[36m(main_task pid=2268857)[0m ERROR:2025-05-14 14:58:23,593:Error during parsing
[36m(main_task pid=2268857)[0m ValueError: Error from parse_expr with transformed code: 'Ôºí'
[36m(main_task pid=2268857)[0m 
[36m(main_task pid=2268857)[0m The above exception was the direct cause of the following exception:
[36m(main_task pid=2268857)[0m 
[36m(main_task pid=2268857)[0m Traceback (most recent call last):
[36m(main_task pid=2268857)[0m   File "/jizhicfs/hymiezhao/miniconda3/envs/LUFFY/lib/python3.10/site-packages/sympy/core/sympify.py", line 481, in sympify
[36m(main_task pid=2268857)[0m     expr = parse_expr(a, local_dict=locals, transformations=transformations, evaluate=evaluate)
[36m(main_task pid=2268857)[0m   File "/jizhicfs/hymiezhao/miniconda3/envs/LUFFY/lib/python3.10/site-packages/sympy/parsing/sympy_parser.py", line 1090, in parse_expr
[36m(main_task pid=2268857)[0m     raise e from ValueError(f"Error from parse_expr with transformed code: {code!r}")
[36m(main_task pid=2268857)[0m   File "/jizhicfs/hymiezhao/miniconda3/envs/LUFFY/lib/python3.10/site-packages/sympy/parsing/sympy_parser.py", line 1081, in parse_expr
[36m(main_task pid=2268857)[0m     rv = eval_expr(code, local_dict, global_dict)
[36m(main_task pid=2268857)[0m   File "/jizhicfs/hymiezhao/miniconda3/envs/LUFFY/lib/python3.10/site-packages/sympy/parsing/sympy_parser.py", line 909, in eval_expr
[36m(main_task pid=2268857)[0m     expr = eval(
[36m(main_task pid=2268857)[0m   File "<string>", line 1
[36m(main_task pid=2268857)[0m     Ôºí
[36m(main_task pid=2268857)[0m     ^
[36m(main_task pid=2268857)[0m SyntaxError: invalid character 'Ôºí' (U+FF12)
[36m(main_task pid=2268857)[0m 
[36m(main_task pid=2268857)[0m During handling of the above exception, another exception occurred:
[36m(main_task pid=2268857)[0m 
[36m(main_task pid=2268857)[0m Traceback (most recent call last):
[36m(main_task pid=2268857)[0m   File "/jizhicfs/hymiezhao/miniconda3/envs/LUFFY/lib/python3.10/site-packages/math_verify/parser.py", line 640, in parse
[36m(main_task pid=2268857)[0m     return extract_target_from_pred(pred, target_res, fallback_mode=fallback_mode, extraction_mode=extraction_mode, timeout_seconds=parsing_timeout)
[36m(main_task pid=2268857)[0m   File "/jizhicfs/hymiezhao/miniconda3/envs/LUFFY/lib/python3.10/site-packages/math_verify/parser.py", line 574, in extract_target_from_pred
[36m(main_task pid=2268857)[0m     extracted_match, str_fallback = extract_match(match, target_type, timeout_seconds=timeout_seconds)
[36m(main_task pid=2268857)[0m   File "/jizhicfs/hymiezhao/miniconda3/envs/LUFFY/lib/python3.10/site-packages/math_verify/parser.py", line 517, in extract_match
[36m(main_task pid=2268857)[0m     return extract_expr(match, timeout_seconds=timeout_seconds)
[36m(main_task pid=2268857)[0m   File "/jizhicfs/hymiezhao/miniconda3/envs/LUFFY/lib/python3.10/site-packages/math_verify/parser.py", line 394, in extract_expr
[36m(main_task pid=2268857)[0m     number = Number(number_str)
[36m(main_task pid=2268857)[0m   File "/jizhicfs/hymiezhao/miniconda3/envs/LUFFY/lib/python3.10/site-packages/sympy/core/numbers.py", line 338, in __new__
[36m(main_task pid=2268857)[0m     val = sympify(obj)
[36m(main_task pid=2268857)[0m   File "/jizhicfs/hymiezhao/miniconda3/envs/LUFFY/lib/python3.10/site-packages/sympy/core/sympify.py", line 483, in sympify
[36m(main_task pid=2268857)[0m     raise SympifyError('could not parse %r' % a, exc)
[36m(main_task pid=2268857)[0m sympy.core.sympify.SympifyError: Sympify of expression 'could not parse 'Ôºí'' failed, because of exception being raised:
[36m(main_task pid=2268857)[0m SyntaxError: invalid character 'Ôºí' (U+FF12) (<string>, line 1)
[36m(main_task pid=2268857)[0m ERROR:2025-05-14 15:05:36,007:Error during parsing
[36m(main_task pid=2268857)[0m ValueError: Error from parse_expr with transformed code: '‡Øß'
[36m(main_task pid=2268857)[0m 
[36m(main_task pid=2268857)[0m The above exception was the direct cause of the following exception:
[36m(main_task pid=2268857)[0m 
[36m(main_task pid=2268857)[0m Traceback (most recent call last):
[36m(main_task pid=2268857)[0m   File "/jizhicfs/hymiezhao/miniconda3/envs/LUFFY/lib/python3.10/site-packages/sympy/core/sympify.py", line 481, in sympify
[36m(main_task pid=2268857)[0m     expr = parse_expr(a, local_dict=locals, transformations=transformations, evaluate=evaluate)
[36m(main_task pid=2268857)[0m   File "/jizhicfs/hymiezhao/miniconda3/envs/LUFFY/lib/python3.10/site-packages/sympy/parsing/sympy_parser.py", line 1090, in parse_expr
[36m(main_task pid=2268857)[0m     raise e from ValueError(f"Error from parse_expr with transformed code: {code!r}")
[36m(main_task pid=2268857)[0m   File "/jizhicfs/hymiezhao/miniconda3/envs/LUFFY/lib/python3.10/site-packages/sympy/parsing/sympy_parser.py", line 1081, in parse_expr
[36m(main_task pid=2268857)[0m     rv = eval_expr(code, local_dict, global_dict)
[36m(main_task pid=2268857)[0m   File "/jizhicfs/hymiezhao/miniconda3/envs/LUFFY/lib/python3.10/site-packages/sympy/parsing/sympy_parser.py", line 909, in eval_expr
[36m(main_task pid=2268857)[0m     expr = eval(
[36m(main_task pid=2268857)[0m   File "<string>", line 1
[36m(main_task pid=2268857)[0m     ‡Øß
[36m(main_task pid=2268857)[0m     ^
[36m(main_task pid=2268857)[0m SyntaxError: invalid character '‡Øß' (U+0BE7)
[36m(main_task pid=2268857)[0m 
[36m(main_task pid=2268857)[0m During handling of the above exception, another exception occurred:
[36m(main_task pid=2268857)[0m 
[36m(main_task pid=2268857)[0m Traceback (most recent call last):
[36m(main_task pid=2268857)[0m   File "/jizhicfs/hymiezhao/miniconda3/envs/LUFFY/lib/python3.10/site-packages/math_verify/parser.py", line 640, in parse
[36m(main_task pid=2268857)[0m     return extract_target_from_pred(pred, target_res, fallback_mode=fallback_mode, extraction_mode=extraction_mode, timeout_seconds=parsing_timeout)
[36m(main_task pid=2268857)[0m   File "/jizhicfs/hymiezhao/miniconda3/envs/LUFFY/lib/python3.10/site-packages/math_verify/parser.py", line 574, in extract_target_from_pred
[36m(main_task pid=2268857)[0m     extracted_match, str_fallback = extract_match(match, target_type, timeout_seconds=timeout_seconds)
[36m(main_task pid=2268857)[0m   File "/jizhicfs/hymiezhao/miniconda3/envs/LUFFY/lib/python3.10/site-packages/math_verify/parser.py", line 517, in extract_match
[36m(main_task pid=2268857)[0m     return extract_expr(match, timeout_seconds=timeout_seconds)
[36m(main_task pid=2268857)[0m   File "/jizhicfs/hymiezhao/miniconda3/envs/LUFFY/lib/python3.10/site-packages/math_verify/parser.py", line 394, in extract_expr
[36m(main_task pid=2268857)[0m     number = Number(number_str)
[36m(main_task pid=2268857)[0m   File "/jizhicfs/hymiezhao/miniconda3/envs/LUFFY/lib/python3.10/site-packages/sympy/core/numbers.py", line 338, in __new__
[36m(main_task pid=2268857)[0m     val = sympify(obj)
[36m(main_task pid=2268857)[0m   File "/jizhicfs/hymiezhao/miniconda3/envs/LUFFY/lib/python3.10/site-packages/sympy/core/sympify.py", line 483, in sympify
[36m(main_task pid=2268857)[0m     raise SympifyError('could not parse %r' % a, exc)
[36m(main_task pid=2268857)[0m sympy.core.sympify.SympifyError: Sympify of expression 'could not parse '‡Øß'' failed, because of exception being raised:
[36m(main_task pid=2268857)[0m SyntaxError: invalid character '‡Øß' (U+0BE7) (<string>, line 1)
[36m(main_task pid=2268857)[0m ERROR:2025-05-14 15:12:33,684:Error comparing 2*factorial(n - 2) and 2021*factorial(2020)
[36m(main_task pid=2268857)[0m Traceback (most recent call last):
[36m(main_task pid=2268857)[0m   File "/jizhicfs/hymiezhao/miniconda3/envs/LUFFY/lib/python3.10/site-packages/math_verify/grader.py", line 700, in compare_single_extraction_wrapper
[36m(main_task pid=2268857)[0m     return compare_single_extraction(g, t)
[36m(main_task pid=2268857)[0m   File "/jizhicfs/hymiezhao/miniconda3/envs/LUFFY/lib/python3.10/site-packages/math_verify/utils.py", line 50, in wrapper
[36m(main_task pid=2268857)[0m     return func(*args, **kwargs)
[36m(main_task pid=2268857)[0m   File "/jizhicfs/hymiezhao/miniconda3/envs/LUFFY/lib/python3.10/site-packages/math_verify/grader.py", line 682, in compare_single_extraction
[36m(main_task pid=2268857)[0m     return sympy_expr_eq(gold, target, float_rounding, numeric_precision, strict)
[36m(main_task pid=2268857)[0m   File "/jizhicfs/hymiezhao/miniconda3/envs/LUFFY/lib/python3.10/site-packages/math_verify/grader.py", line 585, in sympy_expr_eq
[36m(main_task pid=2268857)[0m     if sympy_symbolic_eq(gold, pred):
[36m(main_task pid=2268857)[0m   File "/jizhicfs/hymiezhao/miniconda3/envs/LUFFY/lib/python3.10/site-packages/math_verify/grader.py", line 163, in sympy_symbolic_eq
[36m(main_task pid=2268857)[0m     a_b_diff = simplify((a - b))  # type: ignore
[36m(main_task pid=2268857)[0m   File "/jizhicfs/hymiezhao/miniconda3/envs/LUFFY/lib/python3.10/site-packages/sympy/simplify/simplify.py", line 707, in simplify
[36m(main_task pid=2268857)[0m     expr = combsimp(expr)
[36m(main_task pid=2268857)[0m   File "/jizhicfs/hymiezhao/miniconda3/envs/LUFFY/lib/python3.10/site-packages/sympy/simplify/combsimp.py", line 53, in combsimp
[36m(main_task pid=2268857)[0m     return gammasimp(expr);
[36m(main_task pid=2268857)[0m   File "/jizhicfs/hymiezhao/miniconda3/envs/LUFFY/lib/python3.10/site-packages/sympy/simplify/gammasimp.py", line 81, in gammasimp
[36m(main_task pid=2268857)[0m     return _gammasimp(expr, as_comb=False)
[36m(main_task pid=2268857)[0m   File "/jizhicfs/hymiezhao/miniconda3/envs/LUFFY/lib/python3.10/site-packages/sympy/simplify/gammasimp.py", line 455, in _gammasimp
[36m(main_task pid=2268857)[0m     was = factor(expr)
[36m(main_task pid=2268857)[0m   File "/jizhicfs/hymiezhao/miniconda3/envs/LUFFY/lib/python3.10/site-packages/sympy/polys/polytools.py", line 6577, in factor
[36m(main_task pid=2268857)[0m     return _generic_factor(f, gens, args, method='factor')
[36m(main_task pid=2268857)[0m   File "/jizhicfs/hymiezhao/miniconda3/envs/LUFFY/lib/python3.10/site-packages/sympy/polys/polytools.py", line 6258, in _generic_factor
[36m(main_task pid=2268857)[0m     return _symbolic_factor(sympify(expr), opt, method)
[36m(main_task pid=2268857)[0m   File "/jizhicfs/hymiezhao/miniconda3/envs/LUFFY/lib/python3.10/site-packages/sympy/polys/polytools.py", line 6198, in _symbolic_factor
[36m(main_task pid=2268857)[0m     coeff, factors = _symbolic_factor_list(together(expr, fraction=opt['fraction']), opt, method)
[36m(main_task pid=2268857)[0m   File "/jizhicfs/hymiezhao/miniconda3/envs/LUFFY/lib/python3.10/site-packages/sympy/polys/polytools.py", line 6163, in _symbolic_factor_list
[36m(main_task pid=2268857)[0m     _coeff, _factors = func()
[36m(main_task pid=2268857)[0m   File "/jizhicfs/hymiezhao/miniconda3/envs/LUFFY/lib/python3.10/site-packages/sympy/polys/polytools.py", line 3378, in factor_list
[36m(main_task pid=2268857)[0m     coeff, factors = f.rep.factor_list()
[36m(main_task pid=2268857)[0m   File "/jizhicfs/hymiezhao/miniconda3/envs/LUFFY/lib/python3.10/site-packages/sympy/polys/polyclasses.py", line 1637, in factor_list
[36m(main_task pid=2268857)[0m     coeff, factors = dmp_factor_list(f._rep, f.lev, f.dom)
[36m(main_task pid=2268857)[0m   File "/jizhicfs/hymiezhao/miniconda3/envs/LUFFY/lib/python3.10/site-packages/sympy/polys/factortools.py", line 1569, in dmp_factor_list
[36m(main_task pid=2268857)[0m     coeff, factors = dmp_zz_factor(f, v, K)
[36m(main_task pid=2268857)[0m   File "/jizhicfs/hymiezhao/miniconda3/envs/LUFFY/lib/python3.10/site-packages/sympy/polys/factortools.py", line 1189, in dmp_zz_factor
[36m(main_task pid=2268857)[0m     H = dmp_zz_wang(g, u, K)
[36m(main_task pid=2268857)[0m   File "/jizhicfs/hymiezhao/miniconda3/envs/LUFFY/lib/python3.10/site-packages/sympy/polys/factortools.py", line 1028, in dmp_zz_wang
[36m(main_task pid=2268857)[0m     p = K(nextprime(b))
[36m(main_task pid=2268857)[0m   File "/jizhicfs/hymiezhao/miniconda3/envs/LUFFY/lib/python3.10/site-packages/sympy/ntheory/generate.py", line 688, in nextprime
[36m(main_task pid=2268857)[0m     if isprime(n):
[36m(main_task pid=2268857)[0m   File "/jizhicfs/hymiezhao/miniconda3/envs/LUFFY/lib/python3.10/site-packages/sympy/ntheory/primetest.py", line 764, in isprime
[36m(main_task pid=2268857)[0m     return is_strong_bpsw_prp(n)
[36m(main_task pid=2268857)[0m   File "/jizhicfs/hymiezhao/miniconda3/envs/LUFFY/lib/python3.10/site-packages/sympy/external/ntheory.py", line 637, in is_strong_bpsw_prp
[36m(main_task pid=2268857)[0m     return _is_strong_prp(n, 2) and _is_strong_selfridge_prp(n)
[36m(main_task pid=2268857)[0m   File "/jizhicfs/hymiezhao/miniconda3/envs/LUFFY/lib/python3.10/site-packages/sympy/external/ntheory.py", line 329, in _is_strong_prp
[36m(main_task pid=2268857)[0m     a = pow(a, n >> s, n)
[36m(main_task pid=2268857)[0m   File "/jizhicfs/hymiezhao/miniconda3/envs/LUFFY/lib/python3.10/site-packages/math_verify/utils.py", line 43, in handler
[36m(main_task pid=2268857)[0m     raise TimeoutError("Operation timed out!")
[36m(main_task pid=2268857)[0m TimeoutError: Operation timed out!
Traceback (most recent call last):
  File "/jizhicfs/hymiezhao/miniconda3/envs/LUFFY/lib/python3.10/runpy.py", line 196, in _run_module_as_main
    return _run_code(code, main_globals, None,
  File "/jizhicfs/hymiezhao/miniconda3/envs/LUFFY/lib/python3.10/runpy.py", line 86, in _run_code
    exec(code, run_globals)
  File "/jizhicfs/hymiezhao/ml/reasoning/LUFFY/luffy/verl/verl/mix_src/main_mix_ppo.py", line 256, in <module>
    main()
  File "/jizhicfs/hymiezhao/miniconda3/envs/LUFFY/lib/python3.10/site-packages/hydra/main.py", line 94, in decorated_main
    _run_hydra(
  File "/jizhicfs/hymiezhao/miniconda3/envs/LUFFY/lib/python3.10/site-packages/hydra/_internal/utils.py", line 394, in _run_hydra
    _run_app(
  File "/jizhicfs/hymiezhao/miniconda3/envs/LUFFY/lib/python3.10/site-packages/hydra/_internal/utils.py", line 457, in _run_app
    run_and_report(
  File "/jizhicfs/hymiezhao/miniconda3/envs/LUFFY/lib/python3.10/site-packages/hydra/_internal/utils.py", line 220, in run_and_report
    return func()
  File "/jizhicfs/hymiezhao/miniconda3/envs/LUFFY/lib/python3.10/site-packages/hydra/_internal/utils.py", line 458, in <lambda>
    lambda: hydra.run(
  File "/jizhicfs/hymiezhao/miniconda3/envs/LUFFY/lib/python3.10/site-packages/hydra/_internal/hydra.py", line 119, in run
    ret = run_job(
  File "/jizhicfs/hymiezhao/miniconda3/envs/LUFFY/lib/python3.10/site-packages/hydra/core/utils.py", line 186, in run_job
    ret.return_value = task_function(task_cfg)
  File "/jizhicfs/hymiezhao/ml/reasoning/LUFFY/luffy/verl/verl/mix_src/main_mix_ppo.py", line 143, in main
    ray.get(main_task.remote(config))
  File "/jizhicfs/hymiezhao/miniconda3/envs/LUFFY/lib/python3.10/site-packages/ray/_private/auto_init_hook.py", line 21, in auto_init_wrapper
    return fn(*args, **kwargs)
  File "/jizhicfs/hymiezhao/miniconda3/envs/LUFFY/lib/python3.10/site-packages/ray/_private/client_mode_hook.py", line 103, in wrapper
    return func(*args, **kwargs)
  File "/jizhicfs/hymiezhao/miniconda3/envs/LUFFY/lib/python3.10/site-packages/ray/_private/worker.py", line 2623, in get
    values, debugger_breakpoint = worker.get_objects(object_refs, timeout=timeout)
  File "/jizhicfs/hymiezhao/miniconda3/envs/LUFFY/lib/python3.10/site-packages/ray/_private/worker.py", line 840, in get_objects
    data_metadata_pairs = self.core_worker.get_objects(
KeyboardInterrupt
Exception ignored in atexit callback: <function shutdown at 0x7f79442a0d30>
Traceback (most recent call last):
  File "/jizhicfs/hymiezhao/miniconda3/envs/LUFFY/lib/python3.10/site-packages/ray/_private/client_mode_hook.py", line 103, in wrapper
    return func(*args, **kwargs)
  File "/jizhicfs/hymiezhao/miniconda3/envs/LUFFY/lib/python3.10/site-packages/ray/_private/worker.py", line 1813, in shutdown
    time.sleep(0.5)
KeyboardInterrupt: 
[36m(main_task pid=2268857)[0m {'actor_rollout_ref': {'actor': {'adaptive_temperature_clip': -1,
[36m(main_task pid=2268857)[0m                                  'adaptive_temperature_target_entropy': 1.0,
[36m(main_task pid=2268857)[0m                                  'all_max_clip': -1,
[36m(main_task pid=2268857)[0m                                  'alpha_lr': 0.01,
[36m(main_task pid=2268857)[0m                                  'clip_ratio': 0.2,
[36m(main_task pid=2268857)[0m                                  'clip_upper_bound': 1.0,
[36m(main_task pid=2268857)[0m                                  'debug': False,
[36m(main_task pid=2268857)[0m                                  'entropy_coeff': 0.001,
[36m(main_task pid=2268857)[0m                                  'fsdp_config': {'fsdp_size': -1,
[36m(main_task pid=2268857)[0m                                                  'grad_offload': False,
[36m(main_task pid=2268857)[0m                                                  'optimizer_offload': False,
[36m(main_task pid=2268857)[0m                                                  'param_offload': False,
[36m(main_task pid=2268857)[0m                                                  'wrap_policy': {'min_num_params': 0}},
[36m(main_task pid=2268857)[0m                                  'grad_clip': 1.0,
[36m(main_task pid=2268857)[0m                                  'kl_loss_coef': 0.0,
[36m(main_task pid=2268857)[0m                                  'kl_loss_type': 'low_var_kl',
[36m(main_task pid=2268857)[0m                                  'loss_remove_clip': False,
[36m(main_task pid=2268857)[0m                                  'loss_remove_token_mean': True,
[36m(main_task pid=2268857)[0m                                  'off_policy_cliprange': 0.2,
[36m(main_task pid=2268857)[0m                                  'off_policy_loss_impl': 'token',
[36m(main_task pid=2268857)[0m                                  'off_policy_max_clip': -1,
[36m(main_task pid=2268857)[0m                                  'off_policy_min_clip': -1,
[36m(main_task pid=2268857)[0m                                  'off_policy_normalize': False,
[36m(main_task pid=2268857)[0m                                  'off_policy_reshape': 'no_reshape',
[36m(main_task pid=2268857)[0m                                  'off_policy_reshape_pow_exp': 0.5,
[36m(main_task pid=2268857)[0m                                  'off_policy_reshape_weight': 0.1,
[36m(main_task pid=2268857)[0m                                  'on_policy_reshape': 'no_reshape',
[36m(main_task pid=2268857)[0m                                  'on_policy_reshape_pow_exp': 0.5,
[36m(main_task pid=2268857)[0m                                  'on_policy_reshape_weight': 0.1,
[36m(main_task pid=2268857)[0m                                  'optim': {'lr': 1e-06,
[36m(main_task pid=2268857)[0m                                            'lr_warmup_steps_ratio': 0.0,
[36m(main_task pid=2268857)[0m                                            'min_lr_ratio': None,
[36m(main_task pid=2268857)[0m                                            'total_training_steps': -1,
[36m(main_task pid=2268857)[0m                                            'warmup_style': 'constant'},
[36m(main_task pid=2268857)[0m                                  'ppo_epochs': 1,
[36m(main_task pid=2268857)[0m                                  'ppo_kl_loss_coef': 0.01,
[36m(main_task pid=2268857)[0m                                  'ppo_max_token_len_per_gpu': 32768,
[36m(main_task pid=2268857)[0m                                  'ppo_micro_batch_size': 64,
[36m(main_task pid=2268857)[0m                                  'ppo_mini_batch_size': 64,
[36m(main_task pid=2268857)[0m                                  'sft_prefix_reward_weight': 1.0,
[36m(main_task pid=2268857)[0m                                  'shuffle': False,
[36m(main_task pid=2268857)[0m                                  'strategy': 'fsdp',
[36m(main_task pid=2268857)[0m                                  'ulysses_sequence_parallel_size': 1,
[36m(main_task pid=2268857)[0m                                  'use_adaptive_temperature': False,
[36m(main_task pid=2268857)[0m                                  'use_adaptive_temperature_fixed': False,
[36m(main_task pid=2268857)[0m                                  'use_dynamic_bsz': True,
[36m(main_task pid=2268857)[0m                                  'use_kl_loss': False,
[36m(main_task pid=2268857)[0m                                  'use_off_policy_clip': False,
[36m(main_task pid=2268857)[0m                                  'use_off_policy_loss': True,
[36m(main_task pid=2268857)[0m                                  'use_off_policy_probs': False,
[36m(main_task pid=2268857)[0m                                  'use_ppo_kl_loss': False,
[36m(main_task pid=2268857)[0m                                  'use_sft_prefix_reward': False,
[36m(main_task pid=2268857)[0m                                  'use_sft_reward': False,
[36m(main_task pid=2268857)[0m                                  'use_target_lst': False},
[36m(main_task pid=2268857)[0m                        'hybrid_engine': True,
[36m(main_task pid=2268857)[0m                        'model': {'enable_gradient_checkpointing': True,
[36m(main_task pid=2268857)[0m                                  'external_lib': None,
[36m(main_task pid=2268857)[0m                                  'override_config': {},
[36m(main_task pid=2268857)[0m                                  'path': '/jizhicfs/hymiezhao/models/Qwen2.5-Math-1.5B-16k-think',
[36m(main_task pid=2268857)[0m                                  'use_remove_padding': True},
[36m(main_task pid=2268857)[0m                        'ref': {'fsdp_config': {'param_offload': True,
[36m(main_task pid=2268857)[0m                                                'wrap_policy': {'min_num_params': 0}},
[36m(main_task pid=2268857)[0m                                'log_prob_max_token_len_per_gpu': 32768,
[36m(main_task pid=2268857)[0m                                'log_prob_micro_batch_size': 128,
[36m(main_task pid=2268857)[0m                                'log_prob_use_dynamic_bsz': True,
[36m(main_task pid=2268857)[0m                                'ulysses_sequence_parallel_size': 1,
[36m(main_task pid=2268857)[0m                                'use_ref': False},
[36m(main_task pid=2268857)[0m                        'rollout': {'do_sample': True,
[36m(main_task pid=2268857)[0m                                    'dtype': 'bfloat16',
[36m(main_task pid=2268857)[0m                                    'enable_chunked_prefill': True,
[36m(main_task pid=2268857)[0m                                    'enforce_eager': True,
[36m(main_task pid=2268857)[0m                                    'free_cache_engine': True,
[36m(main_task pid=2268857)[0m                                    'gpu_memory_utilization': 0.8,
[36m(main_task pid=2268857)[0m                                    'ignore_eos': False,
[36m(main_task pid=2268857)[0m                                    'load_format': 'dummy_dtensor',
[36m(main_task pid=2268857)[0m                                    'log_prob_max_token_len_per_gpu': 32768,
[36m(main_task pid=2268857)[0m                                    'log_prob_micro_batch_size': 128,
[36m(main_task pid=2268857)[0m                                    'log_prob_use_dynamic_bsz': True,
[36m(main_task pid=2268857)[0m                                    'max_num_batched_tokens': 8192,
[36m(main_task pid=2268857)[0m                                    'max_num_seqs': 1024,
[36m(main_task pid=2268857)[0m                                    'max_prefix_len': 8192,
[36m(main_task pid=2268857)[0m                                    'max_prefix_ratio': 0.0,
[36m(main_task pid=2268857)[0m                                    'min_prefix_ratio': 0.0,
[36m(main_task pid=2268857)[0m                                    'n': 8,
[36m(main_task pid=2268857)[0m                                    'n_prefix': 1,
[36m(main_task pid=2268857)[0m                                    'n_val': 4,
[36m(main_task pid=2268857)[0m                                    'name': 'vllm',
[36m(main_task pid=2268857)[0m                                    'prefix_linear_max_ratio': 0.8,
[36m(main_task pid=2268857)[0m                                    'prefix_linear_max_var': 0.1,
[36m(main_task pid=2268857)[0m                                    'prefix_reward_strategy': 'all',
[36m(main_task pid=2268857)[0m                                    'prefix_reward_weight_alpha': 1.0,
[36m(main_task pid=2268857)[0m                                    'prefix_reward_weight_beta': 1.0,
[36m(main_task pid=2268857)[0m                                    'prefix_share_across_samples': False,
[36m(main_task pid=2268857)[0m                                    'prefix_steps': 1000,
[36m(main_task pid=2268857)[0m                                    'prefix_strategy': 'random',
[36m(main_task pid=2268857)[0m                                    'prompt_length': 1024,
[36m(main_task pid=2268857)[0m                                    'response_length': 8192,
[36m(main_task pid=2268857)[0m                                    'temperature': 1.0,
[36m(main_task pid=2268857)[0m                                    'tensor_model_parallel_size': 2,
[36m(main_task pid=2268857)[0m                                    'top_k': -1,
[36m(main_task pid=2268857)[0m                                    'top_p': 1,
[36m(main_task pid=2268857)[0m                                    'val_temperature': 0.6}},
[36m(main_task pid=2268857)[0m  'algorithm': {'adv_estimator': 'grpo',
[36m(main_task pid=2268857)[0m                'gamma': 1.0,
[36m(main_task pid=2268857)[0m                'grpo_use_std': False,
[36m(main_task pid=2268857)[0m                'kl_ctrl': {'kl_coef': 0.0, 'type': 'fixed'},
[36m(main_task pid=2268857)[0m                'kl_penalty': 'kl',
[36m(main_task pid=2268857)[0m                'lam': 1.0,
[36m(main_task pid=2268857)[0m                'surprisal_base': 0.0},
[36m(main_task pid=2268857)[0m  'critic': {'cliprange_value': 0.5,
[36m(main_task pid=2268857)[0m             'forward_max_token_len_per_gpu': 32768,
[36m(main_task pid=2268857)[0m             'forward_micro_batch_size': 64,
[36m(main_task pid=2268857)[0m             'grad_clip': 1.0,
[36m(main_task pid=2268857)[0m             'model': {'enable_gradient_checkpointing': True,
[36m(main_task pid=2268857)[0m                       'external_lib': None,
[36m(main_task pid=2268857)[0m                       'fsdp_config': {'fsdp_size': -1,
[36m(main_task pid=2268857)[0m                                       'grad_offload': False,
[36m(main_task pid=2268857)[0m                                       'optimizer_offload': False,
[36m(main_task pid=2268857)[0m                                       'param_offload': False,
[36m(main_task pid=2268857)[0m                                       'wrap_policy': {'min_num_params': 0}},
[36m(main_task pid=2268857)[0m                       'override_config': {},
[36m(main_task pid=2268857)[0m                       'path': '~/models/deepseek-llm-7b-chat',
[36m(main_task pid=2268857)[0m                       'tokenizer_path': '/jizhicfs/hymiezhao/models/Qwen2.5-Math-1.5B-16k-think',
[36m(main_task pid=2268857)[0m                       'use_remove_padding': False},
[36m(main_task pid=2268857)[0m             'optim': {'lr': 1e-05,
[36m(main_task pid=2268857)[0m                       'lr_warmup_steps_ratio': 0.0,
[36m(main_task pid=2268857)[0m                       'min_lr_ratio': None,
[36m(main_task pid=2268857)[0m                       'total_training_steps': -1,
[36m(main_task pid=2268857)[0m                       'warmup_style': 'constant'},
[36m(main_task pid=2268857)[0m             'ppo_epochs': 1,
[36m(main_task pid=2268857)[0m             'ppo_max_token_len_per_gpu': 32768,
[36m(main_task pid=2268857)[0m             'ppo_micro_batch_size': 64,
[36m(main_task pid=2268857)[0m             'ppo_mini_batch_size': 64,
[36m(main_task pid=2268857)[0m             'shuffle': False,
[36m(main_task pid=2268857)[0m             'strategy': 'fsdp',
[36m(main_task pid=2268857)[0m             'ulysses_sequence_parallel_size': 1,
[36m(main_task pid=2268857)[0m             'use_dynamic_bsz': True},
[36m(main_task pid=2268857)[0m  'data': {'accuracy_lower_bound': 0.0,
[36m(main_task pid=2268857)[0m           'accuracy_upper_bound': 1.0,
[36m(main_task pid=2268857)[0m           'add_tgt_acc_upper_bound': 0.5,
[36m(main_task pid=2268857)[0m           'add_tgt_with_acc': False,
[36m(main_task pid=2268857)[0m           'disable_truncation_advantage': False,
[36m(main_task pid=2268857)[0m           'filter_accuracy': False,
[36m(main_task pid=2268857)[0m           'filter_targets': False,
[36m(main_task pid=2268857)[0m           'max_prompt_length': 1024,
[36m(main_task pid=2268857)[0m           'max_response_length': 8192,
[36m(main_task pid=2268857)[0m           'prompt_key': 'prompt',
[36m(main_task pid=2268857)[0m           'return_raw_chat': False,
[36m(main_task pid=2268857)[0m           'return_raw_input_ids': False,
[36m(main_task pid=2268857)[0m           'reward_impl_version': 3,
[36m(main_task pid=2268857)[0m           'sample_target_ratio': 1.0,
[36m(main_task pid=2268857)[0m           'shuffle': True,
[36m(main_task pid=2268857)[0m           'tokenizer': None,
[36m(main_task pid=2268857)[0m           'train_batch_size': 128,
[36m(main_task pid=2268857)[0m           'train_files': './dataset//openr1.parquet',
[36m(main_task pid=2268857)[0m           'val_batch_size': 512,
[36m(main_task pid=2268857)[0m           'val_files': './dataset//valid.parquet'},
[36m(main_task pid=2268857)[0m  'reward_model': {'enable': False,
[36m(main_task pid=2268857)[0m                   'forward_max_token_len_per_gpu': 32768,
[36m(main_task pid=2268857)[0m                   'max_length': None,
[36m(main_task pid=2268857)[0m                   'micro_batch_size': 64,
[36m(main_task pid=2268857)[0m                   'model': {'external_lib': None,
[36m(main_task pid=2268857)[0m                             'fsdp_config': {'fsdp_size': -1,
[36m(main_task pid=2268857)[0m                                             'min_num_params': 0,
[36m(main_task pid=2268857)[0m                                             'param_offload': False},
[36m(main_task pid=2268857)[0m                             'input_tokenizer': '/jizhicfs/hymiezhao/models/Qwen2.5-Math-1.5B-16k-think',
[36m(main_task pid=2268857)[0m                             'path': '~/models/FsfairX-LLaMA3-RM-v0.1',
[36m(main_task pid=2268857)[0m                             'use_remove_padding': False},
[36m(main_task pid=2268857)[0m                   'strategy': 'fsdp',
[36m(main_task pid=2268857)[0m                   'ulysses_sequence_parallel_size': 1,
[36m(main_task pid=2268857)[0m                   'use_dynamic_bsz': True},
[36m(main_task pid=2268857)[0m  'trainer': {'acc_rebatch': False,
[36m(main_task pid=2268857)[0m              'add_full_target_when_none': False,
[36m(main_task pid=2268857)[0m              'critic_warmup': 0,
[36m(main_task pid=2268857)[0m              'debug': False,
[36m(main_task pid=2268857)[0m              'default_hdfs_dir': None,
[36m(main_task pid=2268857)[0m              'default_local_dir': './train_results/rl-sft/on_policy',
[36m(main_task pid=2268857)[0m              'experiment_name': 'on_policy',
[36m(main_task pid=2268857)[0m              'logger': ['console', 'wandb'],
[36m(main_task pid=2268857)[0m              'max_optim_to_keep': 2,
[36m(main_task pid=2268857)[0m              'n_gpus_per_node': 8,
[36m(main_task pid=2268857)[0m              'nnodes': 1,
[36m(main_task pid=2268857)[0m              'project_name': 'rl-sft',
[36m(main_task pid=2268857)[0m              'rejection_sample': False,
[36m(main_task pid=2268857)[0m              'rejection_sample_multiplier': 2,
[36m(main_task pid=2268857)[0m              'resume_from_path': False,
[36m(main_task pid=2268857)[0m              'resume_mode': 'auto',
[36m(main_task pid=2268857)[0m              'save_freq': 100,
[36m(main_task pid=2268857)[0m              'skip_by_step': False,
[36m(main_task pid=2268857)[0m              'skip_valid_mask': False,
[36m(main_task pid=2268857)[0m              'test_freq': 10,
[36m(main_task pid=2268857)[0m              'total_epochs': 5,
[36m(main_task pid=2268857)[0m              'total_training_steps': None,
[36m(main_task pid=2268857)[0m              'val_before_train': False}}
[36m(main_task pid=2268857)[0m original dataset len: 45792
[36m(main_task pid=2268857)[0m filter dataset len: 45764
[36m(main_task pid=2268857)[0m original dataset len: 2019
[36m(main_task pid=2268857)[0m filter dataset len: 2017
[36m(main_task pid=2268857)[0m Size of train dataloader: 357
[36m(main_task pid=2268857)[0m Size of val dataloader: 1
[36m(main_task pid=2268857)[0m Total training steps: 1785
[36m(WorkerDict pid=2271913)[0m Model config after override: Qwen2Config {
[36m(WorkerDict pid=2271913)[0m   "_name_or_path": "/jizhicfs/hymiezhao/models/Qwen2.5-Math-1.5B-16k-think",
[36m(WorkerDict pid=2271913)[0m   "architectures": [
[36m(WorkerDict pid=2271913)[0m     "Qwen2ForCausalLM"
[36m(WorkerDict pid=2271913)[0m   ],
[36m(WorkerDict pid=2271913)[0m   "attention_dropout": 0.0,
[36m(WorkerDict pid=2271913)[0m   "eos_token_id": 151643,
[36m(WorkerDict pid=2271913)[0m   "hidden_act": "silu",
[36m(WorkerDict pid=2271913)[0m   "hidden_size": 1536,
[36m(WorkerDict pid=2271913)[0m   "initializer_range": 0.02,
[36m(WorkerDict pid=2271913)[0m   "intermediate_size": 8960,
[36m(WorkerDict pid=2271913)[0m   "max_position_embeddings": 16384,
[36m(WorkerDict pid=2271913)[0m   "max_window_layers": 21,
[36m(WorkerDict pid=2271913)[0m   "model_type": "qwen2",
[36m(WorkerDict pid=2271913)[0m   "num_attention_heads": 12,
[36m(WorkerDict pid=2271913)[0m   "num_hidden_layers": 28,
[36m(WorkerDict pid=2271913)[0m   "num_key_value_heads": 2,
[36m(WorkerDict pid=2271913)[0m   "pad_token_id": 151643,
[36m(WorkerDict pid=2271913)[0m   "rms_norm_eps": 1e-06,
[36m(WorkerDict pid=2271913)[0m   "rope_scaling": null,
[36m(WorkerDict pid=2271913)[0m   "rope_theta": 40000,
[36m(WorkerDict pid=2271913)[0m   "sliding_window": null,
[36m(WorkerDict pid=2271913)[0m   "tie_word_embeddings": true,
[36m(WorkerDict pid=2271913)[0m   "torch_dtype": "bfloat16",
[36m(WorkerDict pid=2271913)[0m   "transformers_version": "4.46.3",
[36m(WorkerDict pid=2271913)[0m   "use_cache": true,
[36m(WorkerDict pid=2271913)[0m   "use_mrope": false,
[36m(WorkerDict pid=2271913)[0m   "use_sliding_window": false,
[36m(WorkerDict pid=2271913)[0m   "vocab_size": 151936
[36m(WorkerDict pid=2271913)[0m }
[36m(WorkerDict pid=2271913)[0m 
[36m(WorkerDict pid=2271913)[0m NCCL version 2.20.5+cuda12.4
[36m(WorkerDict pid=2271913)[0m Qwen2ForCausalLM contains 1.54B parameters
[36m(WorkerDict pid=2271913)[0m wrap_policy: functools.partial(<function transformer_auto_wrap_policy at 0x7f806284ae60>, transformer_layer_cls={<class 'transformers.models.qwen2.modeling_qwen2.Qwen2DecoderLayer'>})
[36m(WorkerDict pid=2272109)[0m Total steps: 1785, num_warmup_steps: 0
[36m(WorkerDict pid=2272109)[0m Actor use_remove_padding=True
[36m(WorkerDict pid=2271913)[0m Before building vllm rollout, memory allocated (GB): 0.7188625335693359, memory reserved (GB): 3.8203125
[36m(WorkerDict pid=2272109)[0m INFO 05-14 14:00:24 config.py:887] Defaulting to use ray for distributed inference
[36m(WorkerDict pid=2272109)[0m INFO 05-14 14:00:24 config.py:1005] Chunked prefill is enabled with max_num_batched_tokens=8192.
[36m(WorkerDict pid=2272109)[0m WARNING 05-14 14:00:24 config.py:380] To see benefits of async output processing, enable CUDA graph. Since, enforce-eager is enabled, async output processor cannot be used
[36m(WorkerDict pid=2272108)[0m wrap_policy: functools.partial(<function transformer_auto_wrap_policy at 0x7fba9530ae60>, transformer_layer_cls={<class 'transformers.models.qwen2.modeling_qwen2.Qwen2DecoderLayer'>})[32m [repeated 7x across cluster] (Ray deduplicates logs by default. Set RAY_DEDUP_LOGS=0 to disable log deduplication, or see https://docs.ray.io/en/master/ray-observability/user-guides/configure-logging.html#log-deduplication for more options.)[0m
[36m(WorkerDict pid=2272108)[0m Total steps: 1785, num_warmup_steps: 0[32m [repeated 7x across cluster][0m
[36m(WorkerDict pid=2272108)[0m Actor use_remove_padding=True[32m [repeated 7x across cluster][0m
[36m(WorkerDict pid=2272109)[0m local rank 0
[36m(WorkerDict pid=2272109)[0m INFO 05-14 14:00:25 selector.py:115] Using XFormers backend.
[36m(WorkerDict pid=2272105)[0m INFO 05-14 14:00:33 utils.py:1008] Found nccl from library libnccl.so.2
[36m(WorkerDict pid=2272105)[0m INFO 05-14 14:00:33 pynccl.py:63] vLLM is using nccl==2.20.5
[36m(WorkerDict pid=2272108)[0m INFO 05-14 14:00:25 config.py:887] Defaulting to use ray for distributed inference[32m [repeated 7x across cluster][0m
[36m(WorkerDict pid=2272108)[0m INFO 05-14 14:00:25 config.py:1005] Chunked prefill is enabled with max_num_batched_tokens=8192.[32m [repeated 7x across cluster][0m
[36m(WorkerDict pid=2272108)[0m WARNING 05-14 14:00:25 config.py:380] To see benefits of async output processing, enable CUDA graph. Since, enforce-eager is enabled, async output processor cannot be used[32m [repeated 7x across cluster][0m
[36m(WorkerDict pid=2272108)[0m local rank 0[32m [repeated 7x across cluster][0m
[36m(WorkerDict pid=2272108)[0m INFO 05-14 14:00:26 selector.py:115] Using XFormers backend.[32m [repeated 7x across cluster][0m
[36m(WorkerDict pid=2272104)[0m NCCL version 2.20.5+cuda12.4
[36m(WorkerDict pid=2271913)[0m INFO 05-14 14:00:34 shm_broadcast.py:241] vLLM message queue communication handle: Handle(connect_ip='127.0.0.1', local_reader_ranks=[1], buffer=<vllm.distributed.device_communicators.shm_broadcast.ShmRingBuffer object at 0x7f8068f46560>, local_subscribe_port=60665, remote_subscribe_port=None)
[36m(WorkerDict pid=2271913)[0m before init cache memory allocated: 2.328392192GB, reserved: 2.489319424GB
[36m(WorkerDict pid=2271913)[0m after init cache memory allocated: 65.276506624GB, reserved: 65.437433856GB
[36m(WorkerDict pid=2272108)[0m INFO 05-14 14:00:33 utils.py:1008] Found nccl from library libnccl.so.2[32m [repeated 7x across cluster][0m
[36m(WorkerDict pid=2272108)[0m INFO 05-14 14:00:33 pynccl.py:63] vLLM is using nccl==2.20.5[32m [repeated 7x across cluster][0m
[36m(WorkerDict pid=2272108)[0m INFO 05-14 14:00:36 selector.py:115] Using XFormers backend.[32m [repeated 8x across cluster][0m
[36m(WorkerDict pid=2272108)[0m NCCL version 2.20.5+cuda12.4[32m [repeated 2x across cluster][0m
[36m(WorkerDict pid=2272108)[0m INFO 05-14 14:00:35 shm_broadcast.py:241] vLLM message queue communication handle: Handle(connect_ip='127.0.0.1', local_reader_ranks=[1], buffer=<vllm.distributed.device_communicators.shm_broadcast.ShmRingBuffer object at 0x7f8a102df280>, local_subscribe_port=54337, remote_subscribe_port=None)[32m [repeated 3x across cluster][0m
[36m(WorkerDict pid=2271913)[0m kwargs: {'n': 8, 'logprobs': 1, 'max_tokens': 8192, 'detokenize': False, 'temperature': 1.0, 'top_k': -1, 'top_p': 1, 'ignore_eos': False}
[36m(WorkerDict pid=2271913)[0m After building vllm rollout, memory allocated (GB): 59.35570669174194, memory reserved (GB): 60.943359375
[36m(WorkerDict pid=2271913)[0m After building sharding manager, memory allocated (GB): 59.35570669174194, memory reserved (GB): 60.943359375
[36m(main_task pid=2268857)[0m Using LocalLogger is deprecated. The constructor API will change 
[36m(main_task pid=2268857)[0m Found checkpoint: %s /jizhicfs/hymiezhao/ml/reasoning/LUFFY/./train_results/rl-sft/on_policy/global_step_200
[36m(main_task pid=2268857)[0m Load from checkpoint folder: /jizhicfs/hymiezhao/ml/reasoning/LUFFY/./train_results/rl-sft/on_policy/global_step_200
[36m(main_task pid=2268857)[0m Setting global step to 200
[36m(main_task pid=2268857)[0m Resuming from /jizhicfs/hymiezhao/ml/reasoning/LUFFY/./train_results/rl-sft/on_policy/global_step_200
[36m(WorkerDict pid=2272108)[0m kwargs: {'n': 8, 'logprobs': 1, 'max_tokens': 8192, 'detokenize': False, 'temperature': 1.0, 'top_k': -1, 'top_p': 1, 'ignore_eos': False}[32m [repeated 7x across cluster][0m
[36m(WorkerDict pid=2271913)[0m [rank-0]: Loading from /jizhicfs/hymiezhao/ml/reasoning/LUFFY/./train_results/rl-sft/on_policy/global_step_200/actor/model_world_size_8_rank_0.pt and /jizhicfs/hymiezhao/ml/reasoning/LUFFY/./train_results/rl-sft/on_policy/global_step_200/actor/optim_world_size_8_rank_0.pt and /jizhicfs/hymiezhao/ml/reasoning/LUFFY/./train_results/rl-sft/on_policy/global_step_200/actor/extra_state_world_size_8_rank_0.pt
[36m(main_task pid=2268857)[0m original dataset len: 45792
[36m(WorkerDict pid=2272108)[0m [rank-6]: Loading from /jizhicfs/hymiezhao/ml/reasoning/LUFFY/./train_results/rl-sft/on_policy/global_step_200/actor/model_world_size_8_rank_6.pt and /jizhicfs/hymiezhao/ml/reasoning/LUFFY/./train_results/rl-sft/on_policy/global_step_200/actor/optim_world_size_8_rank_6.pt and /jizhicfs/hymiezhao/ml/reasoning/LUFFY/./train_results/rl-sft/on_policy/global_step_200/actor/extra_state_world_size_8_rank_6.pt[32m [repeated 7x across cluster][0m
[36m(main_task pid=2268857)[0m filter dataset len: 45764
[36m(WorkerDict pid=2271913)[0m MICROBATCH STEP
[36m(WorkerDict pid=2271913)[0m no token mean: mean normalization 8192
[36m(WorkerDict pid=2271913)[0m MICROBATCH STEP[32m [repeated 8x across cluster][0m
[36m(WorkerDict pid=2272108)[0m no token mean: mean normalization 8192[32m [repeated 15x across cluster][0m
[36m(WorkerDict pid=2271913)[0m MICROBATCH STEP[32m [repeated 24x across cluster][0m
[36m(WorkerDict pid=2272108)[0m no token mean: mean normalization 8192[32m [repeated 24x across cluster][0m
[36m(WorkerDict pid=2271913)[0m MICROBATCH STEP[32m [repeated 24x across cluster][0m
[36m(main_task pid=2268857)[0m step:201 - batch/avg_prefix_ratio:0.000 - batch/solve_none:51.000 - batch/solve_none_format:0.000 - batch/solve_all:7.000 - batch/solved:0.322 - batch/failed:0.678 - batch/on_solved:0.322 - batch/off_solved:0.000 - critic/kl:0.000 - critic/kl_coeff:0.000 - global_seqlen/min:152671.000 - global_seqlen/max:214456.000 - global_seqlen/minmax_diff:61785.000 - global_seqlen/balanced_min:186245.000 - global_seqlen/balanced_max:186246.000 - global_seqlen/mean:186245.875 - actor/off_pg_loss:0.000 - actor/on_pg_loss:0.057 - actor/off_pg_clipfrac:0.000 - actor/off_policy_prob:0.000 - actor/on_policy_prob:0.807 - actor/off_ratio_mean:0.000 - actor/off_ratio_max_clip_frac:0.000 - actor/off_ratio_min_clip_frac:0.000 - actor/entropy_loss:0.590 - actor/pg_loss:0.136 - actor/pg_clipfrac:0.000 - actor/ppo_kl:-0.000 - actor/grad_norm:0.260 - mfu/actor:0.309 - actor/lr:0.000 - critic/score/mean:0.322 - critic/score/max:1.000 - critic/score/min:0.000 - critic/rewards/mean:0.322 - critic/rewards/max:1.000 - critic/rewards/min:0.000 - critic/advantages/mean:-0.020 - critic/advantages/max:0.875 - critic/advantages/min:-0.875 - critic/returns/mean:-0.020 - critic/returns/max:0.875 - critic/returns/min:-0.875 - response_length/mean:1216.397 - response_length/max:8192.000 - response_length/min:77.000 - response_length/clip_ratio:0.002 - on_off_metrics/on_response_length_mean:1216.397 - on_off_metrics/off_response_length_mean:nan - on_off_metrics/on_score:0.322 - on_off_metrics/off_score:nan - on_off_metrics/off_on_example_ratio:0.000 - prompt_length/mean:238.648 - prompt_length/max:487.000 - prompt_length/min:179.000 - prompt_length/clip_ratio:0.000 - timing_s/gen:181.988 - timing_s/old_log_prob:7.310 - timing_s/adv:15.373 - timing_s/update_actor:23.842 - timing_s/step:221.473 - timing_per_token_ms/gen:0.146 - timing_per_token_ms/adv:0.010 - timing_per_token_ms/update_actor:0.016
[36m(WorkerDict pid=2272108)[0m no token mean: mean normalization 8192[32m [repeated 24x across cluster][0m
[36m(WorkerDict pid=2271913)[0m MICROBATCH STEP[32m [repeated 8x across cluster][0m
[36m(WorkerDict pid=2271913)[0m no token mean: mean normalization 8192
[36m(WorkerDict pid=2271913)[0m MICROBATCH STEP[32m [repeated 24x across cluster][0m
[36m(WorkerDict pid=2272108)[0m no token mean: mean normalization 8192[32m [repeated 23x across cluster][0m
[36m(WorkerDict pid=2271913)[0m MICROBATCH STEP[32m [repeated 24x across cluster][0m
[36m(WorkerDict pid=2272108)[0m no token mean: mean normalization 8192[32m [repeated 24x across cluster][0m
[36m(main_task pid=2268857)[0m step:202 - batch/avg_prefix_ratio:0.000 - batch/solve_none:51.000 - batch/solve_none_format:0.000 - batch/solve_all:12.000 - batch/solved:0.316 - batch/failed:0.684 - batch/on_solved:0.316 - batch/off_solved:0.000 - critic/kl:0.000 - critic/kl_coeff:0.000 - global_seqlen/min:141087.000 - global_seqlen/max:229810.000 - global_seqlen/minmax_diff:88723.000 - global_seqlen/balanced_min:187767.000 - global_seqlen/balanced_max:187768.000 - global_seqlen/mean:187767.500 - actor/off_pg_loss:0.000 - actor/on_pg_loss:0.015 - actor/off_pg_clipfrac:0.000 - actor/off_policy_prob:0.000 - actor/on_policy_prob:0.814 - actor/off_ratio_mean:0.000 - actor/off_ratio_max_clip_frac:0.000 - actor/off_ratio_min_clip_frac:0.000 - actor/entropy_loss:0.631 - actor/pg_loss:0.038 - actor/pg_clipfrac:0.000 - actor/ppo_kl:0.000 - actor/grad_norm:0.217 - mfu/actor:0.382 - actor/lr:0.000 - critic/score/mean:0.316 - critic/score/max:1.000 - critic/score/min:0.000 - critic/rewards/mean:0.316 - critic/rewards/max:1.000 - critic/rewards/min:0.000 - critic/advantages/mean:-0.026 - critic/advantages/max:0.875 - critic/advantages/min:-0.875 - critic/returns/mean:-0.026 - critic/returns/max:0.875 - critic/returns/min:-0.875 - response_length/mean:1226.535 - response_length/max:8192.000 - response_length/min:152.000 - response_length/clip_ratio:0.006 - on_off_metrics/on_response_length_mean:1226.535 - on_off_metrics/off_response_length_mean:nan - on_off_metrics/on_score:0.316 - on_off_metrics/off_score:nan - on_off_metrics/off_on_example_ratio:0.000 - prompt_length/mean:240.398 - prompt_length/max:830.000 - prompt_length/min:177.000 - prompt_length/clip_ratio:0.000 - timing_s/gen:174.929 - timing_s/old_log_prob:6.725 - timing_s/adv:14.669 - timing_s/update_actor:19.671 - timing_s/step:209.533 - timing_per_token_ms/gen:0.139 - timing_per_token_ms/adv:0.010 - timing_per_token_ms/update_actor:0.013
[36m(WorkerDict pid=2272108)[0m MICROBATCH STEP[32m [repeated 15x across cluster][0m
[36m(WorkerDict pid=2272108)[0m no token mean: mean normalization 8192[32m [repeated 16x across cluster][0m
[36m(WorkerDict pid=2271913)[0m MICROBATCH STEP
[36m(WorkerDict pid=2272105)[0m MICROBATCH STEP
[36m(WorkerDict pid=2272105)[0m no token mean: mean normalization 8192
[36m(WorkerDict pid=2271913)[0m MICROBATCH STEP[32m [repeated 15x across cluster][0m
[36m(WorkerDict pid=2271913)[0m no token mean: mean normalization 8192[32m [repeated 16x across cluster][0m
[36m(WorkerDict pid=2272108)[0m MICROBATCH STEP[32m [repeated 23x across cluster][0m
[36m(WorkerDict pid=2272108)[0m no token mean: mean normalization 8192[32m [repeated 23x across cluster][0m
[36m(main_task pid=2268857)[0m step:203 - batch/avg_prefix_ratio:0.000 - batch/solve_none:52.000 - batch/solve_none_format:0.000 - batch/solve_all:7.000 - batch/solved:0.306 - batch/failed:0.694 - batch/on_solved:0.306 - batch/off_solved:0.000 - critic/kl:0.000 - critic/kl_coeff:0.000 - global_seqlen/min:161313.000 - global_seqlen/max:203894.000 - global_seqlen/minmax_diff:42581.000 - global_seqlen/balanced_min:186693.000 - global_seqlen/balanced_max:186694.000 - global_seqlen/mean:186693.250 - actor/off_pg_loss:0.000 - actor/on_pg_loss:0.026 - actor/off_pg_clipfrac:0.000 - actor/off_policy_prob:0.000 - actor/on_policy_prob:0.812 - actor/off_ratio_mean:0.000 - actor/off_ratio_max_clip_frac:0.000 - actor/off_ratio_min_clip_frac:0.000 - actor/entropy_loss:0.730 - actor/pg_loss:0.052 - actor/pg_clipfrac:0.000 - actor/ppo_kl:0.000 - actor/grad_norm:0.230 - mfu/actor:0.396 - actor/lr:0.000 - critic/score/mean:0.306 - critic/score/max:1.000 - critic/score/min:0.000 - critic/rewards/mean:0.306 - critic/rewards/max:1.000 - critic/rewards/min:0.000 - critic/advantages/mean:-0.019 - critic/advantages/max:0.875 - critic/advantages/min:-0.875 - critic/returns/mean:-0.019 - critic/returns/max:0.875 - critic/returns/min:-0.875 - response_length/mean:1213.635 - response_length/max:8192.000 - response_length/min:176.000 - response_length/clip_ratio:0.005 - on_off_metrics/on_response_length_mean:1213.635 - on_off_metrics/off_response_length_mean:nan - on_off_metrics/on_score:0.306 - on_off_metrics/off_score:nan - on_off_metrics/off_on_example_ratio:0.000 - prompt_length/mean:244.906 - prompt_length/max:543.000 - prompt_length/min:176.000 - prompt_length/clip_ratio:0.000 - timing_s/gen:173.662 - timing_s/old_log_prob:6.184 - timing_s/adv:17.973 - timing_s/update_actor:18.809 - timing_s/step:210.711 - timing_per_token_ms/gen:0.140 - timing_per_token_ms/adv:0.012 - timing_per_token_ms/update_actor:0.013
[36m(WorkerDict pid=2272108)[0m MICROBATCH STEP[32m [repeated 16x across cluster][0m
[36m(WorkerDict pid=2272108)[0m no token mean: mean normalization 8192[32m [repeated 16x across cluster][0m
[36m(WorkerDict pid=2271913)[0m MICROBATCH STEP
[36m(WorkerDict pid=2272105)[0m MICROBATCH STEP
[36m(WorkerDict pid=2272105)[0m no token mean: mean normalization 8192
[36m(WorkerDict pid=2272108)[0m MICROBATCH STEP[32m [repeated 22x across cluster][0m
[36m(WorkerDict pid=2271913)[0m no token mean: mean normalization 8192[32m [repeated 16x across cluster][0m
[36m(WorkerDict pid=2271913)[0m MICROBATCH STEP[32m [repeated 17x across cluster][0m
[36m(WorkerDict pid=2272108)[0m no token mean: mean normalization 8192[32m [repeated 23x across cluster][0m
[36m(main_task pid=2268857)[0m step:204 - batch/avg_prefix_ratio:0.000 - batch/solve_none:42.000 - batch/solve_none_format:0.000 - batch/solve_all:10.000 - batch/solved:0.342 - batch/failed:0.658 - batch/on_solved:0.342 - batch/off_solved:0.000 - critic/kl:0.000 - critic/kl_coeff:0.000 - global_seqlen/min:167414.000 - global_seqlen/max:204598.000 - global_seqlen/minmax_diff:37184.000 - global_seqlen/balanced_min:181287.000 - global_seqlen/balanced_max:181578.000 - global_seqlen/mean:181504.125 - actor/off_pg_loss:0.000 - actor/on_pg_loss:0.031 - actor/off_pg_clipfrac:0.000 - actor/off_policy_prob:0.000 - actor/on_policy_prob:0.817 - actor/off_ratio_mean:0.000 - actor/off_ratio_max_clip_frac:0.000 - actor/off_ratio_min_clip_frac:0.000 - actor/entropy_loss:0.540 - actor/pg_loss:0.077 - actor/pg_clipfrac:0.000 - actor/ppo_kl:0.000 - actor/grad_norm:0.221 - mfu/actor:0.360 - actor/lr:0.000 - critic/score/mean:0.342 - critic/score/max:1.000 - critic/score/min:0.000 - critic/rewards/mean:0.342 - critic/rewards/max:1.000 - critic/rewards/min:0.000 - critic/advantages/mean:-0.014 - critic/advantages/max:0.875 - critic/advantages/min:-0.875 - critic/returns/mean:-0.014 - critic/returns/max:0.875 - critic/returns/min:-0.875 - response_length/mean:1171.204 - response_length/max:8192.000 - response_length/min:173.000 - response_length/clip_ratio:0.004 - on_off_metrics/on_response_length_mean:1171.204 - on_off_metrics/off_response_length_mean:nan - on_off_metrics/on_score:0.342 - on_off_metrics/off_score:nan - on_off_metrics/off_on_example_ratio:0.000 - prompt_length/mean:246.797 - prompt_length/max:642.000 - prompt_length/min:178.000 - prompt_length/clip_ratio:0.000 - timing_s/gen:174.609 - timing_s/old_log_prob:6.130 - timing_s/adv:16.320 - timing_s/update_actor:20.359 - timing_s/step:211.558 - timing_per_token_ms/gen:0.146 - timing_per_token_ms/adv:0.011 - timing_per_token_ms/update_actor:0.014
[36m(WorkerDict pid=2272108)[0m MICROBATCH STEP[32m [repeated 15x across cluster][0m
[36m(WorkerDict pid=2272108)[0m no token mean: mean normalization 8192[32m [repeated 16x across cluster][0m
[36m(WorkerDict pid=2271913)[0m MICROBATCH STEP
[36m(WorkerDict pid=2272105)[0m MICROBATCH STEP
[36m(WorkerDict pid=2272105)[0m no token mean: mean normalization 8192
[36m(WorkerDict pid=2271913)[0m MICROBATCH STEP[32m [repeated 15x across cluster][0m
[36m(WorkerDict pid=2271913)[0m no token mean: mean normalization 8192[32m [repeated 16x across cluster][0m
[36m(WorkerDict pid=2271913)[0m MICROBATCH STEP[32m [repeated 16x across cluster][0m
[36m(WorkerDict pid=2271913)[0m no token mean: mean normalization 8192[32m [repeated 16x across cluster][0m
[36m(main_task pid=2268857)[0m step:205 - batch/avg_prefix_ratio:0.000 - batch/solve_none:45.000 - batch/solve_none_format:0.000 - batch/solve_all:9.000 - batch/solved:0.331 - batch/failed:0.669 - batch/on_solved:0.331 - batch/off_solved:0.000 - critic/kl:0.000 - critic/kl_coeff:0.000 - global_seqlen/min:168166.000 - global_seqlen/max:211857.000 - global_seqlen/minmax_diff:43691.000 - global_seqlen/balanced_min:183423.000 - global_seqlen/balanced_max:183424.000 - global_seqlen/mean:183423.375 - actor/off_pg_loss:0.000 - actor/on_pg_loss:0.095 - actor/off_pg_clipfrac:0.000 - actor/off_policy_prob:0.000 - actor/on_policy_prob:0.797 - actor/off_ratio_mean:0.000 - actor/off_ratio_max_clip_frac:0.000 - actor/off_ratio_min_clip_frac:0.000 - actor/entropy_loss:0.795 - actor/pg_loss:0.248 - actor/pg_clipfrac:0.000 - actor/ppo_kl:-0.000 - actor/grad_norm:0.254 - mfu/actor:0.360 - actor/lr:0.000 - critic/score/mean:0.331 - critic/score/max:1.000 - critic/score/min:0.000 - critic/rewards/mean:0.331 - critic/rewards/max:1.000 - critic/rewards/min:0.000 - critic/advantages/mean:-0.034 - critic/advantages/max:0.875 - critic/advantages/min:-0.875 - critic/returns/mean:-0.034 - critic/returns/max:0.875 - critic/returns/min:-0.875 - response_length/mean:1194.050 - response_length/max:8192.000 - response_length/min:169.000 - response_length/clip_ratio:0.004 - on_off_metrics/on_response_length_mean:1194.050 - on_off_metrics/off_response_length_mean:nan - on_off_metrics/on_score:0.331 - on_off_metrics/off_score:nan - on_off_metrics/off_on_example_ratio:0.000 - prompt_length/mean:238.945 - prompt_length/max:426.000 - prompt_length/min:173.000 - prompt_length/clip_ratio:0.000 - timing_s/gen:173.708 - timing_s/old_log_prob:6.451 - timing_s/adv:13.133 - timing_s/update_actor:20.312 - timing_s/step:207.425 - timing_per_token_ms/gen:0.142 - timing_per_token_ms/adv:0.009 - timing_per_token_ms/update_actor:0.014
[36m(WorkerDict pid=2272108)[0m MICROBATCH STEP[32m [repeated 23x across cluster][0m
[36m(WorkerDict pid=2272108)[0m no token mean: mean normalization 8192[32m [repeated 23x across cluster][0m
[36m(WorkerDict pid=2271913)[0m MICROBATCH STEP
[36m(WorkerDict pid=2272105)[0m MICROBATCH STEP
[36m(WorkerDict pid=2271913)[0m no token mean: mean normalization 8192
[36m(WorkerDict pid=2271913)[0m MICROBATCH STEP[32m [repeated 15x across cluster][0m
[36m(WorkerDict pid=2271913)[0m no token mean: mean normalization 8192[32m [repeated 16x across cluster][0m
[36m(WorkerDict pid=2271913)[0m MICROBATCH STEP[32m [repeated 16x across cluster][0m
[36m(WorkerDict pid=2271913)[0m no token mean: mean normalization 8192[32m [repeated 16x across cluster][0m
[36m(main_task pid=2268857)[0m step:206 - batch/avg_prefix_ratio:0.000 - batch/solve_none:43.000 - batch/solve_none_format:0.000 - batch/solve_all:7.000 - batch/solved:0.328 - batch/failed:0.672 - batch/on_solved:0.328 - batch/off_solved:0.000 - critic/kl:0.000 - critic/kl_coeff:0.000 - global_seqlen/min:152505.000 - global_seqlen/max:197823.000 - global_seqlen/minmax_diff:45318.000 - global_seqlen/balanced_min:175430.000 - global_seqlen/balanced_max:175431.000 - global_seqlen/mean:175430.250 - actor/off_pg_loss:0.000 - actor/on_pg_loss:0.044 - actor/off_pg_clipfrac:0.000 - actor/off_policy_prob:0.000 - actor/on_policy_prob:0.825 - actor/off_ratio_mean:0.000 - actor/off_ratio_max_clip_frac:0.000 - actor/off_ratio_min_clip_frac:0.000 - actor/entropy_loss:0.482 - actor/pg_loss:0.137 - actor/pg_clipfrac:0.000 - actor/ppo_kl:-0.000 - actor/grad_norm:0.238 - mfu/actor:0.354 - actor/lr:0.000 - critic/score/mean:0.328 - critic/score/max:1.000 - critic/score/min:0.000 - critic/rewards/mean:0.328 - critic/rewards/max:1.000 - critic/rewards/min:0.000 - critic/advantages/mean:-0.031 - critic/advantages/max:0.875 - critic/advantages/min:-0.875 - critic/returns/mean:-0.031 - critic/returns/max:0.875 - critic/returns/min:-0.875 - response_length/mean:1128.416 - response_length/max:8192.000 - response_length/min:198.000 - response_length/clip_ratio:0.002 - on_off_metrics/on_response_length_mean:1128.416 - on_off_metrics/off_response_length_mean:nan - on_off_metrics/on_score:0.328 - on_off_metrics/off_score:nan - on_off_metrics/off_on_example_ratio:0.000 - prompt_length/mean:242.133 - prompt_length/max:502.000 - prompt_length/min:176.000 - prompt_length/clip_ratio:0.000 - timing_s/gen:166.844 - timing_s/old_log_prob:6.845 - timing_s/adv:15.038 - timing_s/update_actor:20.487 - timing_s/step:202.635 - timing_per_token_ms/gen:0.144 - timing_per_token_ms/adv:0.011 - timing_per_token_ms/update_actor:0.015
[36m(WorkerDict pid=2272108)[0m MICROBATCH STEP[32m [repeated 15x across cluster][0m
[36m(WorkerDict pid=2272108)[0m no token mean: mean normalization 8192[32m [repeated 15x across cluster][0m
[36m(WorkerDict pid=2271913)[0m MICROBATCH STEP
[36m(WorkerDict pid=2272105)[0m MICROBATCH STEP
[36m(WorkerDict pid=2272106)[0m no token mean: mean normalization 8192
[36m(WorkerDict pid=2272108)[0m MICROBATCH STEP[32m [repeated 22x across cluster][0m
[36m(WorkerDict pid=2272108)[0m no token mean: mean normalization 8192[32m [repeated 23x across cluster][0m
[36m(WorkerDict pid=2271913)[0m MICROBATCH STEP[32m [repeated 17x across cluster][0m
[36m(WorkerDict pid=2271913)[0m no token mean: mean normalization 8192[32m [repeated 17x across cluster][0m
[36m(main_task pid=2268857)[0m step:207 - batch/avg_prefix_ratio:0.000 - batch/solve_none:52.000 - batch/solve_none_format:0.000 - batch/solve_all:9.000 - batch/solved:0.311 - batch/failed:0.689 - batch/on_solved:0.311 - batch/off_solved:0.000 - critic/kl:0.000 - critic/kl_coeff:0.000 - global_seqlen/min:160023.000 - global_seqlen/max:228996.000 - global_seqlen/minmax_diff:68973.000 - global_seqlen/balanced_min:195057.000 - global_seqlen/balanced_max:195058.000 - global_seqlen/mean:195057.500 - actor/off_pg_loss:0.000 - actor/on_pg_loss:0.022 - actor/off_pg_clipfrac:0.000 - actor/off_policy_prob:0.000 - actor/on_policy_prob:0.817 - actor/off_ratio_mean:0.000 - actor/off_ratio_max_clip_frac:0.000 - actor/off_ratio_min_clip_frac:0.000 - actor/entropy_loss:0.486 - actor/pg_loss:0.074 - actor/pg_clipfrac:0.000 - actor/ppo_kl:-0.000 - actor/grad_norm:0.237 - mfu/actor:0.377 - actor/lr:0.000 - critic/score/mean:0.311 - critic/score/max:1.000 - critic/score/min:0.000 - critic/rewards/mean:0.311 - critic/rewards/max:1.000 - critic/rewards/min:0.000 - critic/advantages/mean:-0.013 - critic/advantages/max:0.875 - critic/advantages/min:-0.875 - critic/returns/mean:-0.013 - critic/returns/max:0.875 - critic/returns/min:-0.875 - response_length/mean:1275.355 - response_length/max:8192.000 - response_length/min:184.000 - response_length/clip_ratio:0.004 - on_off_metrics/on_response_length_mean:1275.355 - on_off_metrics/off_response_length_mean:nan - on_off_metrics/on_score:0.311 - on_off_metrics/off_score:nan - on_off_metrics/off_on_example_ratio:0.000 - prompt_length/mean:248.531 - prompt_length/max:530.000 - prompt_length/min:172.000 - prompt_length/clip_ratio:0.000 - timing_s/gen:178.098 - timing_s/old_log_prob:6.737 - timing_s/adv:16.283 - timing_s/update_actor:20.714 - timing_s/step:215.447 - timing_per_token_ms/gen:0.136 - timing_per_token_ms/adv:0.010 - timing_per_token_ms/update_actor:0.013
[36m(WorkerDict pid=2272108)[0m MICROBATCH STEP[32m [repeated 23x across cluster][0m
[36m(WorkerDict pid=2272108)[0m no token mean: mean normalization 8192[32m [repeated 23x across cluster][0m
[36m(WorkerDict pid=2271913)[0m MICROBATCH STEP
[36m(WorkerDict pid=2272105)[0m MICROBATCH STEP
[36m(WorkerDict pid=2272109)[0m no token mean: mean normalization 8192
[36m(WorkerDict pid=2272108)[0m MICROBATCH STEP[32m [repeated 22x across cluster][0m
[36m(WorkerDict pid=2272108)[0m no token mean: mean normalization 8192[32m [repeated 23x across cluster][0m
[36m(WorkerDict pid=2271913)[0m MICROBATCH STEP[32m [repeated 17x across cluster][0m
[36m(WorkerDict pid=2272107)[0m no token mean: mean normalization 8192[32m [repeated 16x across cluster][0m
[36m(main_task pid=2268857)[0m step:208 - batch/avg_prefix_ratio:0.000 - batch/solve_none:46.000 - batch/solve_none_format:0.000 - batch/solve_all:16.000 - batch/solved:0.350 - batch/failed:0.650 - batch/on_solved:0.350 - batch/off_solved:0.000 - critic/kl:0.000 - critic/kl_coeff:0.000 - global_seqlen/min:159612.000 - global_seqlen/max:206899.000 - global_seqlen/minmax_diff:47287.000 - global_seqlen/balanced_min:183429.000 - global_seqlen/balanced_max:183430.000 - global_seqlen/mean:183429.250 - actor/off_pg_loss:0.000 - actor/on_pg_loss:0.002 - actor/off_pg_clipfrac:0.000 - actor/off_policy_prob:0.000 - actor/on_policy_prob:0.773 - actor/off_ratio_mean:0.000 - actor/off_ratio_max_clip_frac:0.000 - actor/off_ratio_min_clip_frac:0.000 - actor/entropy_loss:0.975 - actor/pg_loss:0.005 - actor/pg_clipfrac:0.000 - actor/ppo_kl:-0.000 - actor/grad_norm:0.245 - mfu/actor:0.373 - actor/lr:0.000 - critic/score/mean:0.350 - critic/score/max:1.000 - critic/score/min:0.000 - critic/rewards/mean:0.350 - critic/rewards/max:1.000 - critic/rewards/min:0.000 - critic/advantages/mean:-0.018 - critic/advantages/max:0.875 - critic/advantages/min:-0.875 - critic/returns/mean:-0.018 - critic/returns/max:0.875 - critic/returns/min:-0.875 - response_length/mean:1192.611 - response_length/max:8192.000 - response_length/min:195.000 - response_length/clip_ratio:0.003 - on_off_metrics/on_response_length_mean:1192.611 - on_off_metrics/off_response_length_mean:nan - on_off_metrics/on_score:0.350 - on_off_metrics/off_score:nan - on_off_metrics/off_on_example_ratio:0.000 - prompt_length/mean:240.430 - prompt_length/max:455.000 - prompt_length/min:180.000 - prompt_length/clip_ratio:0.000 - timing_s/gen:183.905 - timing_s/old_log_prob:6.065 - timing_s/adv:14.066 - timing_s/update_actor:20.006 - timing_s/step:218.249 - timing_per_token_ms/gen:0.151 - timing_per_token_ms/adv:0.010 - timing_per_token_ms/update_actor:0.014
[36m(WorkerDict pid=2272108)[0m MICROBATCH STEP[32m [repeated 15x across cluster][0m
[36m(WorkerDict pid=2272108)[0m no token mean: mean normalization 8192[32m [repeated 16x across cluster][0m
[36m(WorkerDict pid=2271913)[0m MICROBATCH STEP
[36m(WorkerDict pid=2272105)[0m MICROBATCH STEP
[36m(WorkerDict pid=2271913)[0m no token mean: mean normalization 8192
[36m(WorkerDict pid=2271913)[0m MICROBATCH STEP[32m [repeated 23x across cluster][0m
[36m(WorkerDict pid=2272108)[0m no token mean: mean normalization 8192[32m [repeated 23x across cluster][0m
[36m(WorkerDict pid=2272108)[0m MICROBATCH STEP[32m [repeated 23x across cluster][0m
[36m(WorkerDict pid=2271913)[0m no token mean: mean normalization 8192[32m [repeated 17x across cluster][0m
[36m(main_task pid=2268857)[0m step:209 - batch/avg_prefix_ratio:0.000 - batch/solve_none:42.000 - batch/solve_none_format:0.000 - batch/solve_all:9.000 - batch/solved:0.373 - batch/failed:0.627 - batch/on_solved:0.373 - batch/off_solved:0.000 - critic/kl:0.000 - critic/kl_coeff:0.000 - global_seqlen/min:161408.000 - global_seqlen/max:220776.000 - global_seqlen/minmax_diff:59368.000 - global_seqlen/balanced_min:194518.000 - global_seqlen/balanced_max:194519.000 - global_seqlen/mean:194518.250 - actor/off_pg_loss:0.000 - actor/on_pg_loss:0.014 - actor/off_pg_clipfrac:0.000 - actor/off_policy_prob:0.000 - actor/on_policy_prob:0.791 - actor/off_ratio_mean:0.000 - actor/off_ratio_max_clip_frac:0.000 - actor/off_ratio_min_clip_frac:0.000 - actor/entropy_loss:0.857 - actor/pg_loss:0.050 - actor/pg_clipfrac:0.000 - actor/ppo_kl:-0.000 - actor/grad_norm:3.071 - mfu/actor:0.373 - actor/lr:0.000 - critic/score/mean:0.373 - critic/score/max:1.000 - critic/score/min:0.000 - critic/rewards/mean:0.373 - critic/rewards/max:1.000 - critic/rewards/min:0.000 - critic/advantages/mean:-0.024 - critic/advantages/max:0.875 - critic/advantages/min:-0.875 - critic/returns/mean:-0.024 - critic/returns/max:0.875 - critic/returns/min:-0.875 - response_length/mean:1264.221 - response_length/max:8192.000 - response_length/min:185.000 - response_length/clip_ratio:0.004 - on_off_metrics/on_response_length_mean:1264.221 - on_off_metrics/off_response_length_mean:nan - on_off_metrics/on_score:0.373 - on_off_metrics/off_score:nan - on_off_metrics/off_on_example_ratio:0.000 - prompt_length/mean:255.453 - prompt_length/max:524.000 - prompt_length/min:177.000 - prompt_length/clip_ratio:0.000 - timing_s/gen:174.617 - timing_s/old_log_prob:6.812 - timing_s/adv:15.115 - timing_s/update_actor:21.052 - timing_s/step:211.064 - timing_per_token_ms/gen:0.135 - timing_per_token_ms/adv:0.010 - timing_per_token_ms/update_actor:0.014
[36m(WorkerDict pid=2272108)[0m MICROBATCH STEP[32m [repeated 16x across cluster][0m
[36m(WorkerDict pid=2272108)[0m no token mean: mean normalization 8192[32m [repeated 23x across cluster][0m
[36m(WorkerDict pid=2271913)[0m MICROBATCH STEP
[36m(WorkerDict pid=2272105)[0m MICROBATCH STEP
[36m(WorkerDict pid=2271913)[0m no token mean: mean normalization 8192
[36m(WorkerDict pid=2272108)[0m MICROBATCH STEP[32m [repeated 22x across cluster][0m
[36m(WorkerDict pid=2272108)[0m no token mean: mean normalization 8192[32m [repeated 23x across cluster][0m
[36m(WorkerDict pid=2271913)[0m MICROBATCH STEP[32m [repeated 17x across cluster][0m
[36m(WorkerDict pid=2271913)[0m no token mean: mean normalization 8192[32m [repeated 17x across cluster][0m
[36m(main_task pid=2268857)[0m Validation: Generation end.
[36m(WorkerDict pid=2272108)[0m MICROBATCH STEP[32m [repeated 23x across cluster][0m
[36m(WorkerDict pid=2272105)[0m no token mean: mean normalization 8192[32m [repeated 23x across cluster][0m
[36m(main_task pid=2268857)[0m step:210 - batch/avg_prefix_ratio:0.000 - batch/solve_none:37.000 - batch/solve_none_format:0.000 - batch/solve_all:8.000 - batch/solved:0.328 - batch/failed:0.672 - batch/on_solved:0.328 - batch/off_solved:0.000 - critic/kl:0.000 - critic/kl_coeff:0.000 - global_seqlen/min:160007.000 - global_seqlen/max:215087.000 - global_seqlen/minmax_diff:55080.000 - global_seqlen/balanced_min:188863.000 - global_seqlen/balanced_max:189757.000 - global_seqlen/mean:189464.125 - actor/off_pg_loss:0.000 - actor/on_pg_loss:0.013 - actor/off_pg_clipfrac:0.000 - actor/off_policy_prob:0.000 - actor/on_policy_prob:0.816 - actor/off_ratio_mean:0.000 - actor/off_ratio_max_clip_frac:0.000 - actor/off_ratio_min_clip_frac:0.000 - actor/entropy_loss:0.500 - actor/pg_loss:0.033 - actor/pg_clipfrac:0.000 - actor/ppo_kl:-0.000 - actor/grad_norm:0.242 - mfu/actor:0.372 - actor/lr:0.000 - val/test_score/amc:0.392 - val/test_score/math:0.685 - val/test_score/olympiad_bench:0.296 - val/test_score/minerva:0.232 - val/test_score/aime:0.089 - avg_score:0.339 - critic/score/mean:0.328 - critic/score/max:1.000 - critic/score/min:0.000 - critic/rewards/mean:0.328 - critic/rewards/max:1.000 - critic/rewards/min:0.000 - critic/advantages/mean:-0.016 - critic/advantages/max:0.875 - critic/advantages/min:-0.875 - critic/returns/mean:-0.016 - critic/returns/max:0.875 - critic/returns/min:-0.875 - response_length/mean:1227.134 - response_length/max:8192.000 - response_length/min:137.000 - response_length/clip_ratio:0.005 - on_off_metrics/on_response_length_mean:1227.134 - on_off_metrics/off_response_length_mean:nan - on_off_metrics/on_score:0.328 - on_off_metrics/off_score:nan - on_off_metrics/off_on_example_ratio:0.000 - prompt_length/mean:253.055 - prompt_length/max:979.000 - prompt_length/min:181.000 - prompt_length/clip_ratio:0.000 - timing_s/gen:176.009 - timing_s/old_log_prob:6.609 - timing_s/adv:20.515 - timing_s/update_actor:21.030 - timing_s/testing:677.379 - timing_s/step:895.258 - timing_per_token_ms/gen:0.140 - timing_per_token_ms/adv:0.014 - timing_per_token_ms/update_actor:0.014
[36m(WorkerDict pid=2271913)[0m MICROBATCH STEP
[36m(WorkerDict pid=2271913)[0m no token mean: mean normalization 8192
[36m(WorkerDict pid=2271913)[0m MICROBATCH STEP[32m [repeated 16x across cluster][0m
[36m(WorkerDict pid=2271913)[0m no token mean: mean normalization 8192[32m [repeated 16x across cluster][0m
[36m(WorkerDict pid=2272108)[0m MICROBATCH STEP[32m [repeated 23x across cluster][0m
[36m(WorkerDict pid=2272108)[0m no token mean: mean normalization 8192[32m [repeated 23x across cluster][0m
[36m(main_task pid=2268857)[0m step:211 - batch/avg_prefix_ratio:0.000 - batch/solve_none:47.000 - batch/solve_none_format:0.000 - batch/solve_all:11.000 - batch/solved:0.298 - batch/failed:0.702 - batch/on_solved:0.298 - batch/off_solved:0.000 - critic/kl:0.000 - critic/kl_coeff:0.000 - global_seqlen/min:163696.000 - global_seqlen/max:230320.000 - global_seqlen/minmax_diff:66624.000 - global_seqlen/balanced_min:190697.000 - global_seqlen/balanced_max:190697.000 - global_seqlen/mean:190697.000 - actor/off_pg_loss:0.000 - actor/on_pg_loss:0.051 - actor/off_pg_clipfrac:0.000 - actor/off_policy_prob:0.000 - actor/on_policy_prob:0.817 - actor/off_ratio_mean:0.000 - actor/off_ratio_max_clip_frac:0.000 - actor/off_ratio_min_clip_frac:0.000 - actor/entropy_loss:0.629 - actor/pg_loss:0.146 - actor/pg_clipfrac:0.000 - actor/ppo_kl:0.000 - actor/grad_norm:0.229 - mfu/actor:0.390 - actor/lr:0.000 - critic/score/mean:0.298 - critic/score/max:1.000 - critic/score/min:0.000 - critic/rewards/mean:0.298 - critic/rewards/max:1.000 - critic/rewards/min:0.000 - critic/advantages/mean:-0.016 - critic/advantages/max:0.875 - critic/advantages/min:-0.875 - critic/returns/mean:-0.016 - critic/returns/max:0.875 - critic/returns/min:-0.875 - response_length/mean:1242.125 - response_length/max:8192.000 - response_length/min:127.000 - response_length/clip_ratio:0.003 - on_off_metrics/on_response_length_mean:1242.125 - on_off_metrics/off_response_length_mean:nan - on_off_metrics/on_score:0.298 - on_off_metrics/off_score:nan - on_off_metrics/off_on_example_ratio:0.000 - prompt_length/mean:247.695 - prompt_length/max:606.000 - prompt_length/min:181.000 - prompt_length/clip_ratio:0.000 - timing_s/gen:176.418 - timing_s/old_log_prob:6.876 - timing_s/adv:15.081 - timing_s/update_actor:19.427 - timing_s/step:211.225 - timing_per_token_ms/gen:0.139 - timing_per_token_ms/adv:0.010 - timing_per_token_ms/update_actor:0.013
[36m(WorkerDict pid=2272108)[0m MICROBATCH STEP[32m [repeated 16x across cluster][0m
[36m(WorkerDict pid=2272108)[0m no token mean: mean normalization 8192[32m [repeated 16x across cluster][0m
[36m(WorkerDict pid=2271913)[0m MICROBATCH STEP
[36m(WorkerDict pid=2272105)[0m MICROBATCH STEP
[36m(WorkerDict pid=2271913)[0m no token mean: mean normalization 8192
[36m(WorkerDict pid=2272108)[0m MICROBATCH STEP[32m [repeated 22x across cluster][0m
[36m(WorkerDict pid=2272108)[0m no token mean: mean normalization 8192[32m [repeated 23x across cluster][0m
[36m(WorkerDict pid=2271913)[0m MICROBATCH STEP[32m [repeated 17x across cluster][0m
[36m(WorkerDict pid=2271913)[0m no token mean: mean normalization 8192[32m [repeated 17x across cluster][0m
[36m(main_task pid=2268857)[0m step:212 - batch/avg_prefix_ratio:0.000 - batch/solve_none:49.000 - batch/solve_none_format:0.000 - batch/solve_all:10.000 - batch/solved:0.338 - batch/failed:0.662 - batch/on_solved:0.338 - batch/off_solved:0.000 - critic/kl:0.000 - critic/kl_coeff:0.000 - global_seqlen/min:163402.000 - global_seqlen/max:195771.000 - global_seqlen/minmax_diff:32369.000 - global_seqlen/balanced_min:182717.000 - global_seqlen/balanced_max:182924.000 - global_seqlen/mean:182846.250 - actor/off_pg_loss:0.000 - actor/on_pg_loss:-0.006 - actor/off_pg_clipfrac:0.000 - actor/off_policy_prob:0.000 - actor/on_policy_prob:0.804 - actor/off_ratio_mean:0.000 - actor/off_ratio_max_clip_frac:0.000 - actor/off_ratio_min_clip_frac:0.000 - actor/entropy_loss:0.759 - actor/pg_loss:-0.036 - actor/pg_clipfrac:0.000 - actor/ppo_kl:-0.000 - actor/grad_norm:0.221 - mfu/actor:0.376 - actor/lr:0.000 - critic/score/mean:0.338 - critic/score/max:1.000 - critic/score/min:0.000 - critic/rewards/mean:0.338 - critic/rewards/max:1.000 - critic/rewards/min:0.000 - critic/advantages/mean:-0.017 - critic/advantages/max:0.875 - critic/advantages/min:-0.875 - critic/returns/mean:-0.017 - critic/returns/max:0.875 - critic/returns/min:-0.875 - response_length/mean:1186.072 - response_length/max:8192.000 - response_length/min:161.000 - response_length/clip_ratio:0.003 - on_off_metrics/on_response_length_mean:1186.072 - on_off_metrics/off_response_length_mean:nan - on_off_metrics/on_score:0.338 - on_off_metrics/off_score:nan - on_off_metrics/off_on_example_ratio:0.000 - prompt_length/mean:242.414 - prompt_length/max:349.000 - prompt_length/min:178.000 - prompt_length/clip_ratio:0.000 - timing_s/gen:176.881 - timing_s/old_log_prob:6.190 - timing_s/adv:11.809 - timing_s/update_actor:19.673 - timing_s/step:208.663 - timing_per_token_ms/gen:0.146 - timing_per_token_ms/adv:0.008 - timing_per_token_ms/update_actor:0.013
[36m(WorkerDict pid=2272108)[0m MICROBATCH STEP[32m [repeated 15x across cluster][0m
[36m(WorkerDict pid=2272108)[0m no token mean: mean normalization 8192[32m [repeated 15x across cluster][0m
[36m(WorkerDict pid=2271913)[0m MICROBATCH STEP
[36m(WorkerDict pid=2272105)[0m MICROBATCH STEP
[36m(WorkerDict pid=2272105)[0m no token mean: mean normalization 8192
[36m(WorkerDict pid=2271913)[0m MICROBATCH STEP[32m [repeated 15x across cluster][0m
[36m(WorkerDict pid=2271913)[0m no token mean: mean normalization 8192[32m [repeated 16x across cluster][0m
[36m(WorkerDict pid=2271913)[0m MICROBATCH STEP[32m [repeated 16x across cluster][0m
[36m(WorkerDict pid=2272108)[0m no token mean: mean normalization 8192[32m [repeated 15x across cluster][0m
[36m(main_task pid=2268857)[0m step:213 - batch/avg_prefix_ratio:0.000 - batch/solve_none:48.000 - batch/solve_none_format:0.000 - batch/solve_all:14.000 - batch/solved:0.319 - batch/failed:0.681 - batch/on_solved:0.319 - batch/off_solved:0.000 - critic/kl:0.000 - critic/kl_coeff:0.000 - global_seqlen/min:156281.000 - global_seqlen/max:196306.000 - global_seqlen/minmax_diff:40025.000 - global_seqlen/balanced_min:179683.000 - global_seqlen/balanced_max:179755.000 - global_seqlen/mean:179736.250 - actor/off_pg_loss:0.000 - actor/on_pg_loss:0.026 - actor/off_pg_clipfrac:0.000 - actor/off_policy_prob:0.000 - actor/on_policy_prob:0.831 - actor/off_ratio_mean:0.000 - actor/off_ratio_max_clip_frac:0.000 - actor/off_ratio_min_clip_frac:0.000 - actor/entropy_loss:0.490 - actor/pg_loss:0.077 - actor/pg_clipfrac:0.000 - actor/ppo_kl:0.000 - actor/grad_norm:0.201 - mfu/actor:0.372 - actor/lr:0.000 - critic/score/mean:0.319 - critic/score/max:1.000 - critic/score/min:0.000 - critic/rewards/mean:0.319 - critic/rewards/max:1.000 - critic/rewards/min:0.000 - critic/advantages/mean:-0.020 - critic/advantages/max:0.875 - critic/advantages/min:-0.875 - critic/returns/mean:-0.020 - critic/returns/max:0.875 - critic/returns/min:-0.875 - response_length/mean:1161.775 - response_length/max:8192.000 - response_length/min:190.000 - response_length/clip_ratio:0.003 - on_off_metrics/on_response_length_mean:1161.775 - on_off_metrics/off_response_length_mean:nan - on_off_metrics/on_score:0.319 - on_off_metrics/off_score:nan - on_off_metrics/off_on_example_ratio:0.000 - prompt_length/mean:242.414 - prompt_length/max:463.000 - prompt_length/min:170.000 - prompt_length/clip_ratio:0.000 - timing_s/gen:174.647 - timing_s/old_log_prob:6.227 - timing_s/adv:13.281 - timing_s/update_actor:19.090 - timing_s/step:207.317 - timing_per_token_ms/gen:0.147 - timing_per_token_ms/adv:0.009 - timing_per_token_ms/update_actor:0.013
[36m(WorkerDict pid=2272108)[0m MICROBATCH STEP[32m [repeated 15x across cluster][0m
[36m(WorkerDict pid=2272108)[0m no token mean: mean normalization 8192[32m [repeated 16x across cluster][0m
[36m(WorkerDict pid=2271913)[0m MICROBATCH STEP
[36m(WorkerDict pid=2272105)[0m MICROBATCH STEP
[36m(WorkerDict pid=2272105)[0m no token mean: mean normalization 8192
[36m(WorkerDict pid=2271913)[0m MICROBATCH STEP[32m [repeated 15x across cluster][0m
[36m(WorkerDict pid=2272108)[0m no token mean: mean normalization 8192[32m [repeated 15x across cluster][0m
[36m(WorkerDict pid=2272108)[0m MICROBATCH STEP[32m [repeated 23x across cluster][0m
[36m(WorkerDict pid=2271913)[0m no token mean: mean normalization 8192[32m [repeated 17x across cluster][0m
[36m(main_task pid=2268857)[0m step:214 - batch/avg_prefix_ratio:0.000 - batch/solve_none:51.000 - batch/solve_none_format:0.000 - batch/solve_all:17.000 - batch/solved:0.340 - batch/failed:0.660 - batch/on_solved:0.340 - batch/off_solved:0.000 - critic/kl:0.000 - critic/kl_coeff:0.000 - global_seqlen/min:153209.000 - global_seqlen/max:196770.000 - global_seqlen/minmax_diff:43561.000 - global_seqlen/balanced_min:179644.000 - global_seqlen/balanced_max:179645.000 - global_seqlen/mean:179644.750 - actor/off_pg_loss:0.000 - actor/on_pg_loss:-0.017 - actor/off_pg_clipfrac:0.000 - actor/off_policy_prob:0.000 - actor/on_policy_prob:0.827 - actor/off_ratio_mean:0.000 - actor/off_ratio_max_clip_frac:0.000 - actor/off_ratio_min_clip_frac:0.000 - actor/entropy_loss:0.442 - actor/pg_loss:-0.042 - actor/pg_clipfrac:0.000 - actor/ppo_kl:0.000 - actor/grad_norm:0.216 - mfu/actor:0.342 - actor/lr:0.000 - critic/score/mean:0.340 - critic/score/max:1.000 - critic/score/min:0.000 - critic/rewards/mean:0.340 - critic/rewards/max:1.000 - critic/rewards/min:0.000 - critic/advantages/mean:-0.007 - critic/advantages/max:0.875 - critic/advantages/min:-0.875 - critic/returns/mean:-0.007 - critic/returns/max:0.875 - critic/returns/min:-0.875 - response_length/mean:1153.264 - response_length/max:8192.000 - response_length/min:152.000 - response_length/clip_ratio:0.004 - on_off_metrics/on_response_length_mean:1153.264 - on_off_metrics/off_response_length_mean:nan - on_off_metrics/on_score:0.340 - on_off_metrics/off_score:nan - on_off_metrics/off_on_example_ratio:0.000 - prompt_length/mean:250.211 - prompt_length/max:574.000 - prompt_length/min:175.000 - prompt_length/clip_ratio:0.000 - timing_s/gen:170.591 - timing_s/old_log_prob:6.080 - timing_s/adv:13.596 - timing_s/update_actor:20.665 - timing_s/step:205.142 - timing_per_token_ms/gen:0.144 - timing_per_token_ms/adv:0.009 - timing_per_token_ms/update_actor:0.014
[36m(WorkerDict pid=2272108)[0m MICROBATCH STEP[32m [repeated 16x across cluster][0m
[36m(WorkerDict pid=2272108)[0m no token mean: mean normalization 8192[32m [repeated 23x across cluster][0m
[36m(WorkerDict pid=2271913)[0m MICROBATCH STEP
[36m(WorkerDict pid=2272105)[0m MICROBATCH STEP
[36m(WorkerDict pid=2272105)[0m no token mean: mean normalization 8192
[36m(WorkerDict pid=2271913)[0m MICROBATCH STEP[32m [repeated 15x across cluster][0m
[36m(WorkerDict pid=2271913)[0m no token mean: mean normalization 8192[32m [repeated 16x across cluster][0m
[36m(WorkerDict pid=2271913)[0m MICROBATCH STEP[32m [repeated 16x across cluster][0m
[36m(WorkerDict pid=2272108)[0m no token mean: mean normalization 8192[32m [repeated 15x across cluster][0m
[36m(main_task pid=2268857)[0m step:215 - batch/avg_prefix_ratio:0.000 - batch/solve_none:42.000 - batch/solve_none_format:0.000 - batch/solve_all:11.000 - batch/solved:0.368 - batch/failed:0.632 - batch/on_solved:0.368 - batch/off_solved:0.000 - critic/kl:0.000 - critic/kl_coeff:0.000 - global_seqlen/min:159490.000 - global_seqlen/max:213174.000 - global_seqlen/minmax_diff:53684.000 - global_seqlen/balanced_min:180887.000 - global_seqlen/balanced_max:181204.000 - global_seqlen/mean:180966.500 - actor/off_pg_loss:0.000 - actor/on_pg_loss:0.003 - actor/off_pg_clipfrac:0.000 - actor/off_policy_prob:0.000 - actor/on_policy_prob:0.817 - actor/off_ratio_mean:0.000 - actor/off_ratio_max_clip_frac:0.000 - actor/off_ratio_min_clip_frac:0.000 - actor/entropy_loss:0.698 - actor/pg_loss:0.017 - actor/pg_clipfrac:0.000 - actor/ppo_kl:0.000 - actor/grad_norm:0.224 - mfu/actor:0.360 - actor/lr:0.000 - critic/score/mean:0.368 - critic/score/max:1.000 - critic/score/min:0.000 - critic/rewards/mean:0.368 - critic/rewards/max:1.000 - critic/rewards/min:0.000 - critic/advantages/mean:-0.024 - critic/advantages/max:0.875 - critic/advantages/min:-0.875 - critic/returns/mean:-0.024 - critic/returns/max:0.875 - critic/returns/min:-0.875 - response_length/mean:1177.301 - response_length/max:8192.000 - response_length/min:124.000 - response_length/clip_ratio:0.006 - on_off_metrics/on_response_length_mean:1177.301 - on_off_metrics/off_response_length_mean:nan - on_off_metrics/on_score:0.368 - on_off_metrics/off_score:nan - on_off_metrics/off_on_example_ratio:0.000 - prompt_length/mean:236.500 - prompt_length/max:445.000 - prompt_length/min:180.000 - prompt_length/clip_ratio:0.000 - timing_s/gen:190.188 - timing_s/old_log_prob:6.389 - timing_s/adv:13.733 - timing_s/update_actor:20.665 - timing_s/step:224.901 - timing_per_token_ms/gen:0.158 - timing_per_token_ms/adv:0.009 - timing_per_token_ms/update_actor:0.014
[36m(WorkerDict pid=2272108)[0m MICROBATCH STEP[32m [repeated 15x across cluster][0m
[36m(WorkerDict pid=2272108)[0m no token mean: mean normalization 8192[32m [repeated 16x across cluster][0m
[36m(WorkerDict pid=2271913)[0m MICROBATCH STEP
[36m(WorkerDict pid=2272103)[0m MICROBATCH STEP
[36m(WorkerDict pid=2272103)[0m no token mean: mean normalization 8192
[36m(WorkerDict pid=2271913)[0m MICROBATCH STEP[32m [repeated 15x across cluster][0m
[36m(WorkerDict pid=2271913)[0m no token mean: mean normalization 8192[32m [repeated 16x across cluster][0m
[36m(WorkerDict pid=2272108)[0m MICROBATCH STEP[32m [repeated 23x across cluster][0m
[36m(WorkerDict pid=2272108)[0m no token mean: mean normalization 8192[32m [repeated 23x across cluster][0m
[36m(main_task pid=2268857)[0m step:216 - batch/avg_prefix_ratio:0.000 - batch/solve_none:47.000 - batch/solve_none_format:0.000 - batch/solve_all:8.000 - batch/solved:0.329 - batch/failed:0.671 - batch/on_solved:0.329 - batch/off_solved:0.000 - critic/kl:0.000 - critic/kl_coeff:0.000 - global_seqlen/min:155580.000 - global_seqlen/max:204483.000 - global_seqlen/minmax_diff:48903.000 - global_seqlen/balanced_min:173708.000 - global_seqlen/balanced_max:174887.000 - global_seqlen/mean:174181.250 - actor/off_pg_loss:0.000 - actor/on_pg_loss:-0.032 - actor/off_pg_clipfrac:0.000 - actor/off_policy_prob:0.000 - actor/on_policy_prob:0.830 - actor/off_ratio_mean:0.000 - actor/off_ratio_max_clip_frac:0.000 - actor/off_ratio_min_clip_frac:0.000 - actor/entropy_loss:0.426 - actor/pg_loss:-0.092 - actor/pg_clipfrac:0.000 - actor/ppo_kl:0.000 - actor/grad_norm:0.234 - mfu/actor:0.390 - actor/lr:0.000 - critic/score/mean:0.329 - critic/score/max:1.000 - critic/score/min:0.000 - critic/rewards/mean:0.329 - critic/rewards/max:1.000 - critic/rewards/min:0.000 - critic/advantages/mean:-0.019 - critic/advantages/max:0.875 - critic/advantages/min:-0.875 - critic/returns/mean:-0.019 - critic/returns/max:0.875 - critic/returns/min:-0.875 - response_length/mean:1117.174 - response_length/max:8192.000 - response_length/min:167.000 - response_length/clip_ratio:0.002 - on_off_metrics/on_response_length_mean:1117.174 - on_off_metrics/off_response_length_mean:nan - on_off_metrics/on_score:0.329 - on_off_metrics/off_score:nan - on_off_metrics/off_on_example_ratio:0.000 - prompt_length/mean:243.617 - prompt_length/max:364.000 - prompt_length/min:175.000 - prompt_length/clip_ratio:0.000 - timing_s/gen:171.540 - timing_s/old_log_prob:6.058 - timing_s/adv:14.752 - timing_s/update_actor:17.829 - timing_s/step:204.407 - timing_per_token_ms/gen:0.150 - timing_per_token_ms/adv:0.011 - timing_per_token_ms/update_actor:0.013
[36m(WorkerDict pid=2272108)[0m MICROBATCH STEP[32m [repeated 8x across cluster][0m
[36m(WorkerDict pid=2272108)[0m no token mean: mean normalization 8192[32m [repeated 8x across cluster][0m
[36m(WorkerDict pid=2271913)[0m MICROBATCH STEP
[36m(WorkerDict pid=2272105)[0m MICROBATCH STEP
[36m(WorkerDict pid=2272108)[0m no token mean: mean normalization 8192[32m [repeated 24x across cluster][0m
[36m(WorkerDict pid=2271913)[0m MICROBATCH STEP[32m [repeated 23x across cluster][0m
[36m(WorkerDict pid=2272107)[0m no token mean: mean normalization 8192[32m [repeated 16x across cluster][0m
[36m(WorkerDict pid=2271913)[0m MICROBATCH STEP[32m [repeated 16x across cluster][0m
[36m(main_task pid=2268857)[0m step:217 - batch/avg_prefix_ratio:0.000 - batch/solve_none:39.000 - batch/solve_none_format:0.000 - batch/solve_all:11.000 - batch/solved:0.367 - batch/failed:0.633 - batch/on_solved:0.367 - batch/off_solved:0.000 - critic/kl:0.000 - critic/kl_coeff:0.000 - global_seqlen/min:160928.000 - global_seqlen/max:204993.000 - global_seqlen/minmax_diff:44065.000 - global_seqlen/balanced_min:181331.000 - global_seqlen/balanced_max:181332.000 - global_seqlen/mean:181331.250 - actor/off_pg_loss:0.000 - actor/on_pg_loss:-0.000 - actor/off_pg_clipfrac:0.000 - actor/off_policy_prob:0.000 - actor/on_policy_prob:0.848 - actor/off_ratio_mean:0.000 - actor/off_ratio_max_clip_frac:0.000 - actor/off_ratio_min_clip_frac:0.000 - actor/entropy_loss:0.364 - actor/pg_loss:0.029 - actor/pg_clipfrac:0.000 - actor/ppo_kl:-0.000 - actor/grad_norm:0.254 - mfu/actor:0.381 - actor/lr:0.000 - critic/score/mean:0.367 - critic/score/max:1.000 - critic/score/min:0.000 - critic/rewards/mean:0.367 - critic/rewards/max:1.000 - critic/rewards/min:0.000 - critic/advantages/mean:-0.024 - critic/advantages/max:0.875 - critic/advantages/min:-0.875 - critic/returns/mean:-0.024 - critic/returns/max:0.875 - critic/returns/min:-0.875 - response_length/mean:1177.947 - response_length/max:8192.000 - response_length/min:169.000 - response_length/clip_ratio:0.004 - on_off_metrics/on_response_length_mean:1177.947 - on_off_metrics/off_response_length_mean:nan - on_off_metrics/on_score:0.367 - on_off_metrics/off_score:nan - on_off_metrics/off_on_example_ratio:0.000 - prompt_length/mean:238.703 - prompt_length/max:580.000 - prompt_length/min:173.000 - prompt_length/clip_ratio:0.000 - timing_s/gen:174.720 - timing_s/old_log_prob:6.384 - timing_s/adv:15.638 - timing_s/update_actor:19.913 - timing_s/step:210.563 - timing_per_token_ms/gen:0.145 - timing_per_token_ms/adv:0.011 - timing_per_token_ms/update_actor:0.014
[36m(WorkerDict pid=2272108)[0m no token mean: mean normalization 8192[32m [repeated 16x across cluster][0m
[36m(WorkerDict pid=2272108)[0m MICROBATCH STEP[32m [repeated 15x across cluster][0m
[36m(WorkerDict pid=2271913)[0m MICROBATCH STEP
[36m(WorkerDict pid=2272105)[0m MICROBATCH STEP
[36m(WorkerDict pid=2271913)[0m no token mean: mean normalization 8192
[36m(WorkerDict pid=2271913)[0m MICROBATCH STEP[32m [repeated 15x across cluster][0m
[36m(WorkerDict pid=2272108)[0m no token mean: mean normalization 8192[32m [repeated 15x across cluster][0m
[36m(WorkerDict pid=2271913)[0m MICROBATCH STEP[32m [repeated 16x across cluster][0m
[36m(WorkerDict pid=2272108)[0m no token mean: mean normalization 8192[32m [repeated 16x across cluster][0m
[36m(main_task pid=2268857)[0m step:218 - batch/avg_prefix_ratio:0.000 - batch/solve_none:43.000 - batch/solve_none_format:0.000 - batch/solve_all:9.000 - batch/solved:0.338 - batch/failed:0.662 - batch/on_solved:0.338 - batch/off_solved:0.000 - critic/kl:0.000 - critic/kl_coeff:0.000 - global_seqlen/min:166015.000 - global_seqlen/max:202264.000 - global_seqlen/minmax_diff:36249.000 - global_seqlen/balanced_min:178201.000 - global_seqlen/balanced_max:178202.000 - global_seqlen/mean:178201.500 - actor/off_pg_loss:0.000 - actor/on_pg_loss:0.032 - actor/off_pg_clipfrac:0.000 - actor/off_policy_prob:0.000 - actor/on_policy_prob:0.786 - actor/off_ratio_mean:0.000 - actor/off_ratio_max_clip_frac:0.000 - actor/off_ratio_min_clip_frac:0.000 - actor/entropy_loss:0.859 - actor/pg_loss:0.100 - actor/pg_clipfrac:0.000 - actor/ppo_kl:-0.000 - actor/grad_norm:0.264 - mfu/actor:0.314 - actor/lr:0.000 - critic/score/mean:0.338 - critic/score/max:1.000 - critic/score/min:0.000 - critic/rewards/mean:0.338 - critic/rewards/max:1.000 - critic/rewards/min:0.000 - critic/advantages/mean:-0.032 - critic/advantages/max:0.875 - critic/advantages/min:-0.875 - critic/returns/mean:-0.032 - critic/returns/max:0.875 - critic/returns/min:-0.875 - response_length/mean:1153.738 - response_length/max:8192.000 - response_length/min:200.000 - response_length/clip_ratio:0.002 - on_off_metrics/on_response_length_mean:1153.738 - on_off_metrics/off_response_length_mean:nan - on_off_metrics/on_score:0.338 - on_off_metrics/off_score:nan - on_off_metrics/off_on_example_ratio:0.000 - prompt_length/mean:238.461 - prompt_length/max:378.000 - prompt_length/min:174.000 - prompt_length/clip_ratio:0.000 - timing_s/gen:170.526 - timing_s/old_log_prob:6.079 - timing_s/adv:12.578 - timing_s/update_actor:23.045 - timing_s/step:206.433 - timing_per_token_ms/gen:0.144 - timing_per_token_ms/adv:0.009 - timing_per_token_ms/update_actor:0.016
[36m(WorkerDict pid=2272108)[0m MICROBATCH STEP[32m [repeated 15x across cluster][0m
[36m(WorkerDict pid=2272108)[0m no token mean: mean normalization 8192[32m [repeated 16x across cluster][0m
